# JRE version: Java(TM) SE Runtime Environment (8.0_20-b26) (build 1.8.0_20-b26)
# Java VM: Java HotSpot(TM) 64-Bit Server VM (25.20-b23 mixed mode windows-amd64 compressed oops)
Heap:
 PSYoungGen      total 962048K, used 230340K [0x000000076cb00000, 0x00000007bf600000, 0x00000007c0000000)
  eden space 959488K, 23% used [0x000000076cb00000,0x000000077abd9230,0x00000007a7400000)
  from space 2560K, 3% used [0x00000007bf100000,0x00000007bf118000,0x00000007bf380000)
  to   space 2560K, 0% used [0x00000007bf380000,0x00000007bf380000,0x00000007bf600000)
 ParOldGen       total 87552K, used 2404K [0x00000006c6000000, 0x00000006cb580000, 0x000000076cb00000)
  object space 87552K, 2% used [0x00000006c6000000,0x00000006c6259060,0x00000006cb580000)
 Metaspace       used 13363K, capacity 13606K, committed 13952K, reserved 1060864K
  class space    used 1761K, capacity 1812K, committed 1920K, reserved 1048576K
GC Heap History (10 events):
Event: 7.288 GC heap before
{Heap before GC invocations=19 (full 0):
 PSYoungGen      total 1229824K, used 1229408K [0x000000076cb00000, 0x00000007bfa80000, 0x00000007c0000000)
  eden space 1229312K, 100% used [0x000000076cb00000,0x00000007b7b80000,0x00000007b7b80000)
  from space 512K, 18% used [0x00000007bfa00000,0x00000007bfa18000,0x00000007bfa80000)
  to   space 3072K, 0% used [0x00000007bf480000,0x00000007bf480000,0x00000007bf780000)
 ParOldGen       total 87552K, used 2268K [0x00000006c6000000, 0x00000006cb580000, 0x000000076cb00000)
  object space 87552K, 2% used [0x00000006c6000000,0x00000006c6237060,0x00000006cb580000)
 Metaspace       used 13363K, capacity 13606K, committed 13952K, reserved 1060864K
  class space    used 1761K, capacity 1812K, committed 1920K, reserved 1048576K
Event: 7.288 GC heap after
Heap after GC invocations=19 (full 0):
 PSYoungGen      total 1172992K, used 96K [0x000000076cb00000, 0x00000007bfa80000, 0x00000007c0000000)
  eden space 1169920K, 0% used [0x000000076cb00000,0x000000076cb00000,0x00000007b4180000)
  from space 3072K, 3% used [0x00000007bf480000,0x00000007bf498000,0x00000007bf780000)
  to   space 3072K, 0% used [0x00000007bf780000,0x00000007bf780000,0x00000007bfa80000)
 ParOldGen       total 87552K, used 2292K [0x00000006c6000000, 0x00000006cb580000, 0x000000076cb00000)
  object space 87552K, 2% used [0x00000006c6000000,0x00000006c623d060,0x00000006cb580000)
 Metaspace       used 13363K, capacity 13606K, committed 13952K, reserved 1060864K
  class space    used 1761K, capacity 1812K, committed 1920K, reserved 1048576K
}
Event: 7.850 GC heap before
{Heap before GC invocations=20 (full 0):
 PSYoungGen      total 1172992K, used 1170016K [0x000000076cb00000, 0x00000007bfa80000, 0x00000007c0000000)
  eden space 1169920K, 100% used [0x000000076cb00000,0x00000007b4180000,0x00000007b4180000)
  from space 3072K, 3% used [0x00000007bf480000,0x00000007bf498000,0x00000007bf780000)
  to   space 3072K, 0% used [0x00000007bf780000,0x00000007bf780000,0x00000007bfa80000)
 ParOldGen       total 87552K, used 2292K [0x00000006c6000000, 0x00000006cb580000, 0x000000076cb00000)
  object space 87552K, 2% used [0x00000006c6000000,0x00000006c623d060,0x00000006cb580000)
 Metaspace       used 13363K, capacity 13606K, committed 13952K, reserved 1060864K
  class space    used 1761K, capacity 1812K, committed 1920K, reserved 1048576K
Event: 7.851 GC heap after
Heap after GC invocations=20 (full 0):
 PSYoungGen      total 1113600K, used 32K [0x000000076cb00000, 0x00000007bf800000, 0x00000007c0000000)
  eden space 1113088K, 0% used [0x000000076cb00000,0x000000076cb00000,0x00000007b0a00000)
  from space 512K, 6% used [0x00000007bf780000,0x00000007bf788000,0x00000007bf800000)
  to   space 3072K, 0% used [0x00000007bf200000,0x00000007bf200000,0x00000007bf500000)
 ParOldGen       total 87552K, used 2316K [0x00000006c6000000, 0x00000006cb580000, 0x000000076cb00000)
  object space 87552K, 2% used [0x00000006c6000000,0x00000006c6243060,0x00000006cb580000)
 Metaspace       used 13363K, capacity 13606K, committed 13952K, reserved 1060864K
  class space    used 1761K, capacity 1812K, committed 1920K, reserved 1048576K
}
Event: 8.385 GC heap before
{Heap before GC invocations=21 (full 0):
 PSYoungGen      total 1113600K, used 1113120K [0x000000076cb00000, 0x00000007bf800000, 0x00000007c0000000)
  eden space 1113088K, 100% used [0x000000076cb00000,0x00000007b0a00000,0x00000007b0a00000)
  from space 512K, 6% used [0x00000007bf780000,0x00000007bf788000,0x00000007bf800000)
  to   space 3072K, 0% used [0x00000007bf200000,0x00000007bf200000,0x00000007bf500000)
 ParOldGen       total 87552K, used 2316K [0x00000006c6000000, 0x00000006cb580000, 0x000000076cb00000)
  object space 87552K, 2% used [0x00000006c6000000,0x00000006c6243060,0x00000006cb580000)
 Metaspace       used 13363K, capacity 13606K, committed 13952K, reserved 1060864K
  class space    used 1761K, capacity 1812K, committed 1920K, reserved 1048576K
Event: 8.385 GC heap after
Heap after GC invocations=21 (full 0):
 PSYoungGen      total 1062400K, used 64K [0x000000076cb00000, 0x00000007bf800000, 0x00000007c0000000)
  eden space 1059328K, 0% used [0x000000076cb00000,0x000000076cb00000,0x00000007ad580000)
  from space 3072K, 2% used [0x00000007bf200000,0x00000007bf210000,0x00000007bf500000)
  to   space 2560K, 0% used [0x00000007bf580000,0x00000007bf580000,0x00000007bf800000)
 ParOldGen       total 87552K, used 2348K [0x00000006c6000000, 0x00000006cb580000, 0x000000076cb00000)
  object space 87552K, 2% used [0x00000006c6000000,0x00000006c624b060,0x00000006cb580000)
 Metaspace       used 13363K, capacity 13606K, committed 13952K, reserved 1060864K
  class space    used 1761K, capacity 1812K, committed 1920K, reserved 1048576K
}
Event: 8.894 GC heap before
{Heap before GC invocations=22 (full 0):
 PSYoungGen      total 1062400K, used 1059392K [0x000000076cb00000, 0x00000007bf800000, 0x00000007c0000000)
  eden space 1059328K, 100% used [0x000000076cb00000,0x00000007ad580000,0x00000007ad580000)
  from space 3072K, 2% used [0x00000007bf200000,0x00000007bf210000,0x00000007bf500000)
  to   space 2560K, 0% used [0x00000007bf580000,0x00000007bf580000,0x00000007bf800000)
 ParOldGen       total 87552K, used 2348K [0x00000006c6000000, 0x00000006cb580000, 0x000000076cb00000)
  object space 87552K, 2% used [0x00000006c6000000,0x00000006c624b060,0x00000006cb580000)
 Metaspace       used 13363K, capacity 13606K, committed 13952K, reserved 1060864K
  class space    used 1761K, capacity 1812K, committed 1920K, reserved 1048576K
Event: 8.894 GC heap after
Heap after GC invocations=22 (full 0):
 PSYoungGen      total 1008640K, used 96K [0x000000076cb00000, 0x00000007bf600000, 0x00000007c0000000)
  eden space 1008128K, 0% used [0x000000076cb00000,0x000000076cb00000,0x00000007aa380000)
  from space 512K, 18% used [0x00000007bf580000,0x00000007bf598000,0x00000007bf600000)
  to   space 2560K, 0% used [0x00000007bf100000,0x00000007bf100000,0x00000007bf380000)
 ParOldGen       total 87552K, used 2372K [0x00000006c6000000, 0x00000006cb580000, 0x000000076cb00000)
  object space 87552K, 2% used [0x00000006c6000000,0x00000006c6251060,0x00000006cb580000)
 Metaspace       used 13363K, capacity 13606K, committed 13952K, reserved 1060864K
  class space    used 1761K, capacity 1812K, committed 1920K, reserved 1048576K
}
Event: 9.378 GC heap before
{Heap before GC invocations=23 (full 0):
 PSYoungGen      total 1008640K, used 1008224K [0x000000076cb00000, 0x00000007bf600000, 0x00000007c0000000)
  eden space 1008128K, 100% used [0x000000076cb00000,0x00000007aa380000,0x00000007aa380000)
  from space 512K, 18% used [0x00000007bf580000,0x00000007bf598000,0x00000007bf600000)
  to   space 2560K, 0% used [0x00000007bf100000,0x00000007bf100000,0x00000007bf380000)
 ParOldGen       total 87552K, used 2372K [0x00000006c6000000, 0x00000006cb580000, 0x000000076cb00000)
  object space 87552K, 2% used [0x00000006c6000000,0x00000006c6251060,0x00000006cb580000)
 Metaspace       used 13363K, capacity 13606K, committed 13952K, reserved 1060864K
  class space    used 1761K, capacity 1812K, committed 1920K, reserved 1048576K
Event: 9.378 GC heap after
Heap after GC invocations=23 (full 0):
 PSYoungGen      total 962048K, used 96K [0x000000076cb00000, 0x00000007bf600000, 0x00000007c0000000)
  eden space 959488K, 0% used [0x000000076cb00000,0x000000076cb00000,0x00000007a7400000)
  from space 2560K, 3% used [0x00000007bf100000,0x00000007bf118000,0x00000007bf380000)
  to   space 2560K, 0% used [0x00000007bf380000,0x00000007bf380000,0x00000007bf600000)
 ParOldGen       total 87552K, used 2404K [0x00000006c6000000, 0x00000006cb580000, 0x000000076cb00000)
  object space 87552K, 2% used [0x00000006c6000000,0x00000006c6259060,0x00000006cb580000)
 Metaspace       used 13363K, capacity 13606K, committed 13952K, reserved 1060864K
  class space    used 1761K, capacity 1812K, committed 1920K, reserved 1048576K
}

