# JRE version: Java(TM) SE Runtime Environment (8.0_20-b26) (build 1.8.0_20-b26)
# Java VM: Java HotSpot(TM) 64-Bit Server VM (25.20-b23 mixed mode windows-amd64 compressed oops)
Heap:
 PSYoungGen      total 257536K, used 0K [0x0000000743000000, 0x00000007beb80000, 0x00000007c0000000)
  eden space 257024K, 0% used [0x0000000743000000,0x0000000743000000,0x0000000752b00000)
  from space 512K, 0% used [0x00000007beb00000,0x00000007beb00000,0x00000007beb80000)
  to   space 512K, 0% used [0x00000007bea80000,0x00000007bea80000,0x00000007beb00000)
 ParOldGen       total 4096000K, used 6624K [0x0000000649000000, 0x0000000743000000, 0x0000000743000000)
  object space 4096000K, 0% used [0x0000000649000000,0x0000000649678388,0x0000000743000000)
 Metaspace       used 13177K, capacity 13306K, committed 13568K, reserved 1060864K
  class space    used 1721K, capacity 1776K, committed 1792K, reserved 1048576K
GC Heap History (10 events):
Event: 103.242 GC heap after
Heap after GC invocations=646 (full 0):
 PSYoungGen      total 123904K, used 96K [0x0000000743000000, 0x00000007beb80000, 0x00000007c0000000)
  eden space 123392K, 0% used [0x0000000743000000,0x0000000743000000,0x000000074a880000)
  from space 512K, 18% used [0x00000007beb00000,0x00000007beb18000,0x00000007beb80000)
  to   space 512K, 0% used [0x00000007bea80000,0x00000007bea80000,0x00000007beb00000)
 ParOldGen       total 87552K, used 6608K [0x0000000649000000, 0x000000064e580000, 0x0000000743000000)
  object space 87552K, 7% used [0x0000000649000000,0x0000000649674388,0x000000064e580000)
 Metaspace       used 13177K, capacity 13306K, committed 13568K, reserved 1060864K
  class space    used 1721K, capacity 1776K, committed 1792K, reserved 1048576K
}
Event: 103.306 GC heap before
{Heap before GC invocations=647 (full 0):
 PSYoungGen      total 123904K, used 123488K [0x0000000743000000, 0x00000007beb80000, 0x00000007c0000000)
  eden space 123392K, 100% used [0x0000000743000000,0x000000074a880000,0x000000074a880000)
  from space 512K, 18% used [0x00000007beb00000,0x00000007beb18000,0x00000007beb80000)
  to   space 512K, 0% used [0x00000007bea80000,0x00000007bea80000,0x00000007beb00000)
 ParOldGen       total 87552K, used 6608K [0x0000000649000000, 0x000000064e580000, 0x0000000743000000)
  object space 87552K, 7% used [0x0000000649000000,0x0000000649674388,0x000000064e580000)
 Metaspace       used 13177K, capacity 13306K, committed 13568K, reserved 1060864K
  class space    used 1721K, capacity 1776K, committed 1792K, reserved 1048576K
Event: 103.308 GC heap after
Heap after GC invocations=647 (full 0):
 PSYoungGen      total 148992K, used 32K [0x0000000743000000, 0x00000007beb80000, 0x00000007c0000000)
  eden space 148480K, 0% used [0x0000000743000000,0x0000000743000000,0x000000074c100000)
  from space 512K, 6% used [0x00000007bea80000,0x00000007bea88000,0x00000007beb00000)
  to   space 512K, 0% used [0x00000007beb00000,0x00000007beb00000,0x00000007beb80000)
 ParOldGen       total 87552K, used 6608K [0x0000000649000000, 0x000000064e580000, 0x0000000743000000)
  object space 87552K, 7% used [0x0000000649000000,0x0000000649674388,0x000000064e580000)
 Metaspace       used 13177K, capacity 13306K, committed 13568K, reserved 1060864K
  class space    used 1721K, capacity 1776K, committed 1792K, reserved 1048576K
}
Event: 103.384 GC heap before
{Heap before GC invocations=648 (full 0):
 PSYoungGen      total 148992K, used 148512K [0x0000000743000000, 0x00000007beb80000, 0x00000007c0000000)
  eden space 148480K, 100% used [0x0000000743000000,0x000000074c100000,0x000000074c100000)
  from space 512K, 6% used [0x00000007bea80000,0x00000007bea88000,0x00000007beb00000)
  to   space 512K, 0% used [0x00000007beb00000,0x00000007beb00000,0x00000007beb80000)
 ParOldGen       total 87552K, used 6608K [0x0000000649000000, 0x000000064e580000, 0x0000000743000000)
  object space 87552K, 7% used [0x0000000649000000,0x0000000649674388,0x000000064e580000)
 Metaspace       used 13177K, capacity 13306K, committed 13568K, reserved 1060864K
  class space    used 1721K, capacity 1776K, committed 1792K, reserved 1048576K
Event: 103.385 GC heap after
Heap after GC invocations=648 (full 0):
 PSYoungGen      total 178688K, used 64K [0x0000000743000000, 0x00000007beb80000, 0x00000007c0000000)
  eden space 178176K, 0% used [0x0000000743000000,0x0000000743000000,0x000000074de00000)
  from space 512K, 12% used [0x00000007beb00000,0x00000007beb10000,0x00000007beb80000)
  to   space 512K, 0% used [0x00000007bea80000,0x00000007bea80000,0x00000007beb00000)
 ParOldGen       total 87552K, used 6608K [0x0000000649000000, 0x000000064e580000, 0x0000000743000000)
  object space 87552K, 7% used [0x0000000649000000,0x0000000649674388,0x000000064e580000)
 Metaspace       used 13177K, capacity 13306K, committed 13568K, reserved 1060864K
  class space    used 1721K, capacity 1776K, committed 1792K, reserved 1048576K
}
Event: 103.430 GC heap before
{Heap before GC invocations=649 (full 0):
 PSYoungGen      total 178688K, used 82029K [0x0000000743000000, 0x00000007beb80000, 0x00000007c0000000)
  eden space 178176K, 46% used [0x0000000743000000,0x000000074800b7a0,0x000000074de00000)
  from space 512K, 12% used [0x00000007beb00000,0x00000007beb10000,0x00000007beb80000)
  to   space 512K, 0% used [0x00000007bea80000,0x00000007bea80000,0x00000007beb00000)
 ParOldGen       total 4096000K, used 6608K [0x0000000649000000, 0x0000000743000000, 0x0000000743000000)
  object space 4096000K, 0% used [0x0000000649000000,0x0000000649674388,0x0000000743000000)
 Metaspace       used 13177K, capacity 13306K, committed 13568K, reserved 1060864K
  class space    used 1721K, capacity 1776K, committed 1792K, reserved 1048576K
Event: 103.431 GC heap after
Heap after GC invocations=649 (full 0):
 PSYoungGen      total 214528K, used 96K [0x0000000743000000, 0x00000007beb80000, 0x00000007c0000000)
  eden space 214016K, 0% used [0x0000000743000000,0x0000000743000000,0x0000000750100000)
  from space 512K, 18% used [0x00000007bea80000,0x00000007bea98000,0x00000007beb00000)
  to   space 512K, 0% used [0x00000007beb00000,0x00000007beb00000,0x00000007beb80000)
 ParOldGen       total 4096000K, used 6608K [0x0000000649000000, 0x0000000743000000, 0x0000000743000000)
  object space 4096000K, 0% used [0x0000000649000000,0x0000000649674388,0x0000000743000000)
 Metaspace       used 13177K, capacity 13306K, committed 13568K, reserved 1060864K
  class space    used 1721K, capacity 1776K, committed 1792K, reserved 1048576K
}
Event: 103.431 GC heap before
{Heap before GC invocations=650 (full 0):
 PSYoungGen      total 214528K, used 96K [0x0000000743000000, 0x00000007beb80000, 0x00000007c0000000)
  eden space 214016K, 0% used [0x0000000743000000,0x0000000743000000,0x0000000750100000)
  from space 512K, 18% used [0x00000007bea80000,0x00000007bea98000,0x00000007beb00000)
  to   space 512K, 0% used [0x00000007beb00000,0x00000007beb00000,0x00000007beb80000)
 ParOldGen       total 4096000K, used 6608K [0x0000000649000000, 0x0000000743000000, 0x0000000743000000)
  object space 4096000K, 0% used [0x0000000649000000,0x0000000649674388,0x0000000743000000)
 Metaspace       used 13177K, capacity 13306K, committed 13568K, reserved 1060864K
  class space    used 1721K, capacity 1776K, committed 1792K, reserved 1048576K
Event: 103.431 GC heap after
Heap after GC invocations=650 (full 0):
 PSYoungGen      total 257536K, used 0K [0x0000000743000000, 0x00000007beb80000, 0x00000007c0000000)
  eden space 257024K, 0% used [0x0000000743000000,0x0000000743000000,0x0000000752b00000)
  from space 512K, 0% used [0x00000007beb00000,0x00000007beb00000,0x00000007beb80000)
  to   space 512K, 0% used [0x00000007bea80000,0x00000007bea80000,0x00000007beb00000)
 ParOldGen       total 4096000K, used 6624K [0x0000000649000000, 0x0000000743000000, 0x0000000743000000)
  object space 4096000K, 0% used [0x0000000649000000,0x0000000649678388,0x0000000743000000)
 Metaspace       used 13177K, capacity 13306K, committed 13568K, reserved 1060864K
  class space    used 1721K, capacity 1776K, committed 1792K, reserved 1048576K
}
Event: 103.432 GC heap before
{Heap before GC invocations=651 (full 1):
 PSYoungGen      total 257536K, used 0K [0x0000000743000000, 0x00000007beb80000, 0x00000007c0000000)
  eden space 257024K, 0% used [0x0000000743000000,0x0000000743000000,0x0000000752b00000)
  from space 512K, 0% used [0x00000007beb00000,0x00000007beb00000,0x00000007beb80000)
  to   space 512K, 0% used [0x00000007bea80000,0x00000007bea80000,0x00000007beb00000)
 ParOldGen       total 4096000K, used 6624K [0x0000000649000000, 0x0000000743000000, 0x0000000743000000)
  object space 4096000K, 0% used [0x0000000649000000,0x0000000649678388,0x0000000743000000)
 Metaspace       used 13177K, capacity 13306K, committed 13568K, reserved 1060864K
  class space    used 1721K, capacity 1776K, committed 1792K, reserved 1048576K

