# JRE version: Java(TM) SE Runtime Environment (8.0_20-b26) (build 1.8.0_20-b26)
# Java VM: Java HotSpot(TM) 64-Bit Server VM (25.20-b23 mixed mode windows-amd64 compressed oops)
Heap:
 PSYoungGen      total 124928K, used 62318K [0x0000000743000000, 0x0000000784700000, 0x00000007c0000000)
  eden space 124416K, 50% used [0x0000000743000000,0x0000000746cc39f8,0x000000074a980000)
  from space 512K, 18% used [0x0000000784600000,0x0000000784618000,0x0000000784680000)
  to   space 512K, 0% used [0x0000000784680000,0x0000000784680000,0x0000000784700000)
 ParOldGen       total 87552K, used 10655K [0x0000000649000000, 0x000000064e580000, 0x0000000743000000)
  object space 87552K, 12% used [0x0000000649000000,0x0000000649a67c78,0x000000064e580000)
 Metaspace       used 13142K, capacity 13306K, committed 13568K, reserved 1060864K
  class space    used 1720K, capacity 1776K, committed 1792K, reserved 1048576K
GC Heap History (10 events):
Event: 314.887 GC heap before
{Heap before GC invocations=4403 (full 0):
 PSYoungGen      total 152576K, used 152160K [0x0000000743000000, 0x0000000784700000, 0x00000007c0000000)
  eden space 152064K, 100% used [0x0000000743000000,0x000000074c480000,0x000000074c480000)
  from space 512K, 18% used [0x0000000784680000,0x0000000784698000,0x0000000784700000)
  to   space 512K, 0% used [0x0000000784600000,0x0000000784600000,0x0000000784680000)
 ParOldGen       total 87552K, used 10655K [0x0000000649000000, 0x000000064e580000, 0x0000000743000000)
  object space 87552K, 12% used [0x0000000649000000,0x0000000649a67c78,0x000000064e580000)
 Metaspace       used 13142K, capacity 13306K, committed 13568K, reserved 1060864K
  class space    used 1720K, capacity 1776K, committed 1792K, reserved 1048576K
Event: 314.887 GC heap after
Heap after GC invocations=4403 (full 0):
 PSYoungGen      total 146432K, used 96K [0x0000000743000000, 0x0000000784700000, 0x00000007c0000000)
  eden space 145920K, 0% used [0x0000000743000000,0x0000000743000000,0x000000074be80000)
  from space 512K, 18% used [0x0000000784600000,0x0000000784618000,0x0000000784680000)
  to   space 512K, 0% used [0x0000000784680000,0x0000000784680000,0x0000000784700000)
 ParOldGen       total 87552K, used 10655K [0x0000000649000000, 0x000000064e580000, 0x0000000743000000)
  object space 87552K, 12% used [0x0000000649000000,0x0000000649a67c78,0x000000064e580000)
 Metaspace       used 13142K, capacity 13306K, committed 13568K, reserved 1060864K
  class space    used 1720K, capacity 1776K, committed 1792K, reserved 1048576K
}
Event: 314.956 GC heap before
{Heap before GC invocations=4404 (full 0):
 PSYoungGen      total 146432K, used 146016K [0x0000000743000000, 0x0000000784700000, 0x00000007c0000000)
  eden space 145920K, 100% used [0x0000000743000000,0x000000074be80000,0x000000074be80000)
  from space 512K, 18% used [0x0000000784600000,0x0000000784618000,0x0000000784680000)
  to   space 512K, 0% used [0x0000000784680000,0x0000000784680000,0x0000000784700000)
 ParOldGen       total 87552K, used 10655K [0x0000000649000000, 0x000000064e580000, 0x0000000743000000)
  object space 87552K, 12% used [0x0000000649000000,0x0000000649a67c78,0x000000064e580000)
 Metaspace       used 13142K, capacity 13306K, committed 13568K, reserved 1060864K
  class space    used 1720K, capacity 1776K, committed 1792K, reserved 1048576K
Event: 314.957 GC heap after
Heap after GC invocations=4404 (full 0):
 PSYoungGen      total 140800K, used 96K [0x0000000743000000, 0x0000000784700000, 0x00000007c0000000)
  eden space 140288K, 0% used [0x0000000743000000,0x0000000743000000,0x000000074b900000)
  from space 512K, 18% used [0x0000000784680000,0x0000000784698000,0x0000000784700000)
  to   space 512K, 0% used [0x0000000784600000,0x0000000784600000,0x0000000784680000)
 ParOldGen       total 87552K, used 10655K [0x0000000649000000, 0x000000064e580000, 0x0000000743000000)
  object space 87552K, 12% used [0x0000000649000000,0x0000000649a67c78,0x000000064e580000)
 Metaspace       used 13142K, capacity 13306K, committed 13568K, reserved 1060864K
  class space    used 1720K, capacity 1776K, committed 1792K, reserved 1048576K
}
Event: 315.024 GC heap before
{Heap before GC invocations=4405 (full 0):
 PSYoungGen      total 140800K, used 140384K [0x0000000743000000, 0x0000000784700000, 0x00000007c0000000)
  eden space 140288K, 100% used [0x0000000743000000,0x000000074b900000,0x000000074b900000)
  from space 512K, 18% used [0x0000000784680000,0x0000000784698000,0x0000000784700000)
  to   space 512K, 0% used [0x0000000784600000,0x0000000784600000,0x0000000784680000)
 ParOldGen       total 87552K, used 10655K [0x0000000649000000, 0x000000064e580000, 0x0000000743000000)
  object space 87552K, 12% used [0x0000000649000000,0x0000000649a67c78,0x000000064e580000)
 Metaspace       used 13142K, capacity 13306K, committed 13568K, reserved 1060864K
  class space    used 1720K, capacity 1776K, committed 1792K, reserved 1048576K
Event: 315.024 GC heap after
Heap after GC invocations=4405 (full 0):
 PSYoungGen      total 135168K, used 96K [0x0000000743000000, 0x0000000784700000, 0x00000007c0000000)
  eden space 134656K, 0% used [0x0000000743000000,0x0000000743000000,0x000000074b380000)
  from space 512K, 18% used [0x0000000784600000,0x0000000784618000,0x0000000784680000)
  to   space 512K, 0% used [0x0000000784680000,0x0000000784680000,0x0000000784700000)
 ParOldGen       total 87552K, used 10655K [0x0000000649000000, 0x000000064e580000, 0x0000000743000000)
  object space 87552K, 12% used [0x0000000649000000,0x0000000649a67c78,0x000000064e580000)
 Metaspace       used 13142K, capacity 13306K, committed 13568K, reserved 1060864K
  class space    used 1720K, capacity 1776K, committed 1792K, reserved 1048576K
}
Event: 315.088 GC heap before
{Heap before GC invocations=4406 (full 0):
 PSYoungGen      total 135168K, used 134752K [0x0000000743000000, 0x0000000784700000, 0x00000007c0000000)
  eden space 134656K, 100% used [0x0000000743000000,0x000000074b380000,0x000000074b380000)
  from space 512K, 18% used [0x0000000784600000,0x0000000784618000,0x0000000784680000)
  to   space 512K, 0% used [0x0000000784680000,0x0000000784680000,0x0000000784700000)
 ParOldGen       total 87552K, used 10655K [0x0000000649000000, 0x000000064e580000, 0x0000000743000000)
  object space 87552K, 12% used [0x0000000649000000,0x0000000649a67c78,0x000000064e580000)
 Metaspace       used 13142K, capacity 13306K, committed 13568K, reserved 1060864K
  class space    used 1720K, capacity 1776K, committed 1792K, reserved 1048576K
Event: 315.088 GC heap after
Heap after GC invocations=4406 (full 0):
 PSYoungGen      total 130048K, used 96K [0x0000000743000000, 0x0000000784700000, 0x00000007c0000000)
  eden space 129536K, 0% used [0x0000000743000000,0x0000000743000000,0x000000074ae80000)
  from space 512K, 18% used [0x0000000784680000,0x0000000784698000,0x0000000784700000)
  to   space 512K, 0% used [0x0000000784600000,0x0000000784600000,0x0000000784680000)
 ParOldGen       total 87552K, used 10655K [0x0000000649000000, 0x000000064e580000, 0x0000000743000000)
  object space 87552K, 12% used [0x0000000649000000,0x0000000649a67c78,0x000000064e580000)
 Metaspace       used 13142K, capacity 13306K, committed 13568K, reserved 1060864K
  class space    used 1720K, capacity 1776K, committed 1792K, reserved 1048576K
}
Event: 315.150 GC heap before
{Heap before GC invocations=4407 (full 0):
 PSYoungGen      total 130048K, used 129632K [0x0000000743000000, 0x0000000784700000, 0x00000007c0000000)
  eden space 129536K, 100% used [0x0000000743000000,0x000000074ae80000,0x000000074ae80000)
  from space 512K, 18% used [0x0000000784680000,0x0000000784698000,0x0000000784700000)
  to   space 512K, 0% used [0x0000000784600000,0x0000000784600000,0x0000000784680000)
 ParOldGen       total 87552K, used 10655K [0x0000000649000000, 0x000000064e580000, 0x0000000743000000)
  object space 87552K, 12% used [0x0000000649000000,0x0000000649a67c78,0x000000064e580000)
 Metaspace       used 13142K, capacity 13306K, committed 13568K, reserved 1060864K
  class space    used 1720K, capacity 1776K, committed 1792K, reserved 1048576K
Event: 315.151 GC heap after
Heap after GC invocations=4407 (full 0):
 PSYoungGen      total 124928K, used 96K [0x0000000743000000, 0x0000000784700000, 0x00000007c0000000)
  eden space 124416K, 0% used [0x0000000743000000,0x0000000743000000,0x000000074a980000)
  from space 512K, 18% used [0x0000000784600000,0x0000000784618000,0x0000000784680000)
  to   space 512K, 0% used [0x0000000784680000,0x0000000784680000,0x0000000784700000)
 ParOldGen       total 87552K, used 10655K [0x0000000649000000, 0x000000064e580000, 0x0000000743000000)
  object space 87552K, 12% used [0x0000000649000000,0x0000000649a67c78,0x000000064e580000)
 Metaspace       used 13142K, capacity 13306K, committed 13568K, reserved 1060864K
  class space    used 1720K, capacity 1776K, committed 1792K, reserved 1048576K
}

