# JRE version: Java(TM) SE Runtime Environment (8.0_20-b26) (build 1.8.0_20-b26)
# Java VM: Java HotSpot(TM) 64-Bit Server VM (25.20-b23 mixed mode windows-amd64 compressed oops)
Heap:
 PSYoungGen      total 745984K, used 357875K [0x0000000743000000, 0x00000007acb00000, 0x00000007c0000000)
  eden space 745472K, 47% used [0x0000000743000000,0x0000000758d6cf90,0x0000000770800000)
  from space 512K, 12% used [0x00000007aca80000,0x00000007aca90000,0x00000007acb00000)
  to   space 512K, 0% used [0x00000007aca00000,0x00000007aca00000,0x00000007aca80000)
 ParOldGen       total 87552K, used 5720K [0x0000000649000000, 0x000000064e580000, 0x0000000743000000)
  object space 87552K, 6% used [0x0000000649000000,0x0000000649596388,0x000000064e580000)
 Metaspace       used 13145K, capacity 13306K, committed 13568K, reserved 1060864K
  class space    used 1720K, capacity 1776K, committed 1792K, reserved 1048576K
GC Heap History (10 events):
Event: 102.671 GC heap before
{Heap before GC invocations=930 (full 0):
 PSYoungGen      total 754176K, used 753792K [0x0000000743000000, 0x00000007acb00000, 0x00000007c0000000)
  eden space 753664K, 100% used [0x0000000743000000,0x0000000771000000,0x0000000771000000)
  from space 512K, 25% used [0x00000007aca00000,0x00000007aca20000,0x00000007aca80000)
  to   space 512K, 0% used [0x00000007aca80000,0x00000007aca80000,0x00000007acb00000)
 ParOldGen       total 87552K, used 5696K [0x0000000649000000, 0x000000064e580000, 0x0000000743000000)
  object space 87552K, 6% used [0x0000000649000000,0x0000000649590388,0x000000064e580000)
 Metaspace       used 13145K, capacity 13306K, committed 13568K, reserved 1060864K
  class space    used 1720K, capacity 1776K, committed 1792K, reserved 1048576K
Event: 102.673 GC heap after
Heap after GC invocations=930 (full 0):
 PSYoungGen      total 718336K, used 96K [0x0000000743000000, 0x00000007acb00000, 0x00000007c0000000)
  eden space 717824K, 0% used [0x0000000743000000,0x0000000743000000,0x000000076ed00000)
  from space 512K, 18% used [0x00000007aca80000,0x00000007aca98000,0x00000007acb00000)
  to   space 512K, 0% used [0x00000007aca00000,0x00000007aca00000,0x00000007aca80000)
 ParOldGen       total 87552K, used 5704K [0x0000000649000000, 0x000000064e580000, 0x0000000743000000)
  object space 87552K, 6% used [0x0000000649000000,0x0000000649592388,0x000000064e580000)
 Metaspace       used 13145K, capacity 13306K, committed 13568K, reserved 1060864K
  class space    used 1720K, capacity 1776K, committed 1792K, reserved 1048576K
}
Event: 103.097 GC heap before
{Heap before GC invocations=931 (full 0):
 PSYoungGen      total 718336K, used 717920K [0x0000000743000000, 0x00000007acb00000, 0x00000007c0000000)
  eden space 717824K, 100% used [0x0000000743000000,0x000000076ed00000,0x000000076ed00000)
  from space 512K, 18% used [0x00000007aca80000,0x00000007aca98000,0x00000007acb00000)
  to   space 512K, 0% used [0x00000007aca00000,0x00000007aca00000,0x00000007aca80000)
 ParOldGen       total 87552K, used 5704K [0x0000000649000000, 0x000000064e580000, 0x0000000743000000)
  object space 87552K, 6% used [0x0000000649000000,0x0000000649592388,0x000000064e580000)
 Metaspace       used 13145K, capacity 13306K, committed 13568K, reserved 1060864K
  class space    used 1720K, capacity 1776K, committed 1792K, reserved 1048576K
Event: 103.098 GC heap after
Heap after GC invocations=931 (full 0):
 PSYoungGen      total 684544K, used 96K [0x0000000743000000, 0x00000007acb00000, 0x00000007c0000000)
  eden space 684032K, 0% used [0x0000000743000000,0x0000000743000000,0x000000076cc00000)
  from space 512K, 18% used [0x00000007aca00000,0x00000007aca18000,0x00000007aca80000)
  to   space 512K, 0% used [0x00000007aca80000,0x00000007aca80000,0x00000007acb00000)
 ParOldGen       total 87552K, used 5704K [0x0000000649000000, 0x000000064e580000, 0x0000000743000000)
  object space 87552K, 6% used [0x0000000649000000,0x0000000649592388,0x000000064e580000)
 Metaspace       used 13145K, capacity 13306K, committed 13568K, reserved 1060864K
  class space    used 1720K, capacity 1776K, committed 1792K, reserved 1048576K
}
Event: 103.527 GC heap before
{Heap before GC invocations=932 (full 0):
 PSYoungGen      total 684544K, used 684128K [0x0000000743000000, 0x00000007acb00000, 0x00000007c0000000)
  eden space 684032K, 100% used [0x0000000743000000,0x000000076cc00000,0x000000076cc00000)
  from space 512K, 18% used [0x00000007aca00000,0x00000007aca18000,0x00000007aca80000)
  to   space 512K, 0% used [0x00000007aca80000,0x00000007aca80000,0x00000007acb00000)
 ParOldGen       total 87552K, used 5704K [0x0000000649000000, 0x000000064e580000, 0x0000000743000000)
  object space 87552K, 6% used [0x0000000649000000,0x0000000649592388,0x000000064e580000)
 Metaspace       used 13145K, capacity 13306K, committed 13568K, reserved 1060864K
  class space    used 1720K, capacity 1776K, committed 1792K, reserved 1048576K
Event: 103.527 GC heap after
Heap after GC invocations=932 (full 0):
 PSYoungGen      total 652288K, used 128K [0x0000000743000000, 0x00000007acb00000, 0x00000007c0000000)
  eden space 651776K, 0% used [0x0000000743000000,0x0000000743000000,0x000000076ac80000)
  from space 512K, 25% used [0x00000007aca80000,0x00000007acaa0000,0x00000007acb00000)
  to   space 512K, 0% used [0x00000007aca00000,0x00000007aca00000,0x00000007aca80000)
 ParOldGen       total 87552K, used 5712K [0x0000000649000000, 0x000000064e580000, 0x0000000743000000)
  object space 87552K, 6% used [0x0000000649000000,0x0000000649594388,0x000000064e580000)
 Metaspace       used 13145K, capacity 13306K, committed 13568K, reserved 1060864K
  class space    used 1720K, capacity 1776K, committed 1792K, reserved 1048576K
}
Event: 103.895 GC heap before
{Heap before GC invocations=933 (full 0):
 PSYoungGen      total 652288K, used 651904K [0x0000000743000000, 0x00000007acb00000, 0x00000007c0000000)
  eden space 651776K, 100% used [0x0000000743000000,0x000000076ac80000,0x000000076ac80000)
  from space 512K, 25% used [0x00000007aca80000,0x00000007acaa0000,0x00000007acb00000)
  to   space 512K, 0% used [0x00000007aca00000,0x00000007aca00000,0x00000007aca80000)
 ParOldGen       total 87552K, used 5712K [0x0000000649000000, 0x000000064e580000, 0x0000000743000000)
  object space 87552K, 6% used [0x0000000649000000,0x0000000649594388,0x000000064e580000)
 Metaspace       used 13145K, capacity 13306K, committed 13568K, reserved 1060864K
  class space    used 1720K, capacity 1776K, committed 1792K, reserved 1048576K
Event: 103.896 GC heap after
Heap after GC invocations=933 (full 0):
 PSYoungGen      total 621568K, used 128K [0x0000000743000000, 0x00000007acb00000, 0x00000007c0000000)
  eden space 621056K, 0% used [0x0000000743000000,0x0000000743000000,0x0000000768e80000)
  from space 512K, 25% used [0x00000007aca00000,0x00000007aca20000,0x00000007aca80000)
  to   space 512K, 0% used [0x00000007aca80000,0x00000007aca80000,0x00000007acb00000)
 ParOldGen       total 87552K, used 5712K [0x0000000649000000, 0x000000064e580000, 0x0000000743000000)
  object space 87552K, 6% used [0x0000000649000000,0x0000000649594388,0x000000064e580000)
 Metaspace       used 13145K, capacity 13306K, committed 13568K, reserved 1060864K
  class space    used 1720K, capacity 1776K, committed 1792K, reserved 1048576K
}
Event: 104.253 GC heap before
{Heap before GC invocations=934 (full 0):
 PSYoungGen      total 621568K, used 621184K [0x0000000743000000, 0x00000007acb00000, 0x00000007c0000000)
  eden space 621056K, 100% used [0x0000000743000000,0x0000000768e80000,0x0000000768e80000)
  from space 512K, 25% used [0x00000007aca00000,0x00000007aca20000,0x00000007aca80000)
  to   space 512K, 0% used [0x00000007aca80000,0x00000007aca80000,0x00000007acb00000)
 ParOldGen       total 87552K, used 5712K [0x0000000649000000, 0x000000064e580000, 0x0000000743000000)
  object space 87552K, 6% used [0x0000000649000000,0x0000000649594388,0x000000064e580000)
 Metaspace       used 13145K, capacity 13306K, committed 13568K, reserved 1060864K
  class space    used 1720K, capacity 1776K, committed 1792K, reserved 1048576K
Event: 104.265 GC heap after
Heap after GC invocations=934 (full 0):
 PSYoungGen      total 745984K, used 64K [0x0000000743000000, 0x00000007acb00000, 0x00000007c0000000)
  eden space 745472K, 0% used [0x0000000743000000,0x0000000743000000,0x0000000770800000)
  from space 512K, 12% used [0x00000007aca80000,0x00000007aca90000,0x00000007acb00000)
  to   space 512K, 0% used [0x00000007aca00000,0x00000007aca00000,0x00000007aca80000)
 ParOldGen       total 87552K, used 5720K [0x0000000649000000, 0x000000064e580000, 0x0000000743000000)
  object space 87552K, 6% used [0x0000000649000000,0x0000000649596388,0x000000064e580000)
 Metaspace       used 13145K, capacity 13306K, committed 13568K, reserved 1060864K
  class space    used 1720K, capacity 1776K, committed 1792K, reserved 1048576K
}

