# JRE version: Java(TM) SE Runtime Environment (8.0_20-b26) (build 1.8.0_20-b26)
# Java VM: Java HotSpot(TM) 64-Bit Server VM (25.20-b23 mixed mode windows-amd64 compressed oops)
Heap:
 PSYoungGen      total 111104K, used 62045K [0x0000000743000000, 0x0000000795100000, 0x00000007c0000000)
  eden space 110592K, 56% used [0x0000000743000000,0x0000000746c7f660,0x0000000749c00000)
  from space 512K, 18% used [0x0000000795080000,0x0000000795098000,0x0000000795100000)
  to   space 512K, 0% used [0x0000000795000000,0x0000000795000000,0x0000000795080000)
 ParOldGen       total 87552K, used 26036K [0x0000000649000000, 0x000000064e580000, 0x0000000743000000)
  object space 87552K, 29% used [0x0000000649000000,0x000000064a96d398,0x000000064e580000)
 Metaspace       used 13161K, capacity 13306K, committed 13568K, reserved 1060864K
  class space    used 1720K, capacity 1776K, committed 1792K, reserved 1048576K
GC Heap History (10 events):
Event: 10998.010 GC heap before
{Heap before GC invocations=164076 (full 0):
 PSYoungGen      total 107008K, used 106592K [0x0000000743000000, 0x0000000795100000, 0x00000007c0000000)
  eden space 106496K, 100% used [0x0000000743000000,0x0000000749800000,0x0000000749800000)
  from space 512K, 18% used [0x0000000795000000,0x0000000795018000,0x0000000795080000)
  to   space 512K, 0% used [0x0000000795080000,0x0000000795080000,0x0000000795100000)
 ParOldGen       total 87552K, used 26036K [0x0000000649000000, 0x000000064e580000, 0x0000000743000000)
  object space 87552K, 29% used [0x0000000649000000,0x000000064a96d398,0x000000064e580000)
 Metaspace       used 13161K, capacity 13306K, committed 13568K, reserved 1060864K
  class space    used 1720K, capacity 1776K, committed 1792K, reserved 1048576K
Event: 10998.010 GC heap after
Heap after GC invocations=164076 (full 0):
 PSYoungGen      total 103424K, used 96K [0x0000000743000000, 0x0000000795100000, 0x00000007c0000000)
  eden space 102912K, 0% used [0x0000000743000000,0x0000000743000000,0x0000000749480000)
  from space 512K, 18% used [0x0000000795080000,0x0000000795098000,0x0000000795100000)
  to   space 512K, 0% used [0x0000000795000000,0x0000000795000000,0x0000000795080000)
 ParOldGen       total 87552K, used 26036K [0x0000000649000000, 0x000000064e580000, 0x0000000743000000)
  object space 87552K, 29% used [0x0000000649000000,0x000000064a96d398,0x000000064e580000)
 Metaspace       used 13161K, capacity 13306K, committed 13568K, reserved 1060864K
  class space    used 1720K, capacity 1776K, committed 1792K, reserved 1048576K
}
Event: 10998.062 GC heap before
{Heap before GC invocations=164077 (full 0):
 PSYoungGen      total 103424K, used 103008K [0x0000000743000000, 0x0000000795100000, 0x00000007c0000000)
  eden space 102912K, 100% used [0x0000000743000000,0x0000000749480000,0x0000000749480000)
  from space 512K, 18% used [0x0000000795080000,0x0000000795098000,0x0000000795100000)
  to   space 512K, 0% used [0x0000000795000000,0x0000000795000000,0x0000000795080000)
 ParOldGen       total 87552K, used 26036K [0x0000000649000000, 0x000000064e580000, 0x0000000743000000)
  object space 87552K, 29% used [0x0000000649000000,0x000000064a96d398,0x000000064e580000)
 Metaspace       used 13161K, capacity 13306K, committed 13568K, reserved 1060864K
  class space    used 1720K, capacity 1776K, committed 1792K, reserved 1048576K
Event: 10998.063 GC heap after
Heap after GC invocations=164077 (full 0):
 PSYoungGen      total 99840K, used 64K [0x0000000743000000, 0x0000000795100000, 0x00000007c0000000)
  eden space 99328K, 0% used [0x0000000743000000,0x0000000743000000,0x0000000749100000)
  from space 512K, 12% used [0x0000000795000000,0x0000000795010000,0x0000000795080000)
  to   space 512K, 0% used [0x0000000795080000,0x0000000795080000,0x0000000795100000)
 ParOldGen       total 87552K, used 26036K [0x0000000649000000, 0x000000064e580000, 0x0000000743000000)
  object space 87552K, 29% used [0x0000000649000000,0x000000064a96d398,0x000000064e580000)
 Metaspace       used 13161K, capacity 13306K, committed 13568K, reserved 1060864K
  class space    used 1720K, capacity 1776K, committed 1792K, reserved 1048576K
}
Event: 10998.113 GC heap before
{Heap before GC invocations=164078 (full 0):
 PSYoungGen      total 99840K, used 99392K [0x0000000743000000, 0x0000000795100000, 0x00000007c0000000)
  eden space 99328K, 100% used [0x0000000743000000,0x0000000749100000,0x0000000749100000)
  from space 512K, 12% used [0x0000000795000000,0x0000000795010000,0x0000000795080000)
  to   space 512K, 0% used [0x0000000795080000,0x0000000795080000,0x0000000795100000)
 ParOldGen       total 87552K, used 26036K [0x0000000649000000, 0x000000064e580000, 0x0000000743000000)
  object space 87552K, 29% used [0x0000000649000000,0x000000064a96d398,0x000000064e580000)
 Metaspace       used 13161K, capacity 13306K, committed 13568K, reserved 1060864K
  class space    used 1720K, capacity 1776K, committed 1792K, reserved 1048576K
Event: 10998.114 GC heap after
Heap after GC invocations=164078 (full 0):
 PSYoungGen      total 119808K, used 64K [0x0000000743000000, 0x0000000795100000, 0x00000007c0000000)
  eden space 119296K, 0% used [0x0000000743000000,0x0000000743000000,0x000000074a480000)
  from space 512K, 12% used [0x0000000795080000,0x0000000795090000,0x0000000795100000)
  to   space 512K, 0% used [0x0000000795000000,0x0000000795000000,0x0000000795080000)
 ParOldGen       total 87552K, used 26036K [0x0000000649000000, 0x000000064e580000, 0x0000000743000000)
  object space 87552K, 29% used [0x0000000649000000,0x000000064a96d398,0x000000064e580000)
 Metaspace       used 13161K, capacity 13306K, committed 13568K, reserved 1060864K
  class space    used 1720K, capacity 1776K, committed 1792K, reserved 1048576K
}
Event: 10998.175 GC heap before
{Heap before GC invocations=164079 (full 0):
 PSYoungGen      total 119808K, used 119360K [0x0000000743000000, 0x0000000795100000, 0x00000007c0000000)
  eden space 119296K, 100% used [0x0000000743000000,0x000000074a480000,0x000000074a480000)
  from space 512K, 12% used [0x0000000795080000,0x0000000795090000,0x0000000795100000)
  to   space 512K, 0% used [0x0000000795000000,0x0000000795000000,0x0000000795080000)
 ParOldGen       total 87552K, used 26036K [0x0000000649000000, 0x000000064e580000, 0x0000000743000000)
  object space 87552K, 29% used [0x0000000649000000,0x000000064a96d398,0x000000064e580000)
 Metaspace       used 13161K, capacity 13306K, committed 13568K, reserved 1060864K
  class space    used 1720K, capacity 1776K, committed 1792K, reserved 1048576K
Event: 10998.175 GC heap after
Heap after GC invocations=164079 (full 0):
 PSYoungGen      total 115200K, used 96K [0x0000000743000000, 0x0000000795100000, 0x00000007c0000000)
  eden space 114688K, 0% used [0x0000000743000000,0x0000000743000000,0x000000074a000000)
  from space 512K, 18% used [0x0000000795000000,0x0000000795018000,0x0000000795080000)
  to   space 512K, 0% used [0x0000000795080000,0x0000000795080000,0x0000000795100000)
 ParOldGen       total 87552K, used 26036K [0x0000000649000000, 0x000000064e580000, 0x0000000743000000)
  object space 87552K, 29% used [0x0000000649000000,0x000000064a96d398,0x000000064e580000)
 Metaspace       used 13161K, capacity 13306K, committed 13568K, reserved 1060864K
  class space    used 1720K, capacity 1776K, committed 1792K, reserved 1048576K
}
Event: 10998.234 GC heap before
{Heap before GC invocations=164080 (full 0):
 PSYoungGen      total 115200K, used 114784K [0x0000000743000000, 0x0000000795100000, 0x00000007c0000000)
  eden space 114688K, 100% used [0x0000000743000000,0x000000074a000000,0x000000074a000000)
  from space 512K, 18% used [0x0000000795000000,0x0000000795018000,0x0000000795080000)
  to   space 512K, 0% used [0x0000000795080000,0x0000000795080000,0x0000000795100000)
 ParOldGen       total 87552K, used 26036K [0x0000000649000000, 0x000000064e580000, 0x0000000743000000)
  object space 87552K, 29% used [0x0000000649000000,0x000000064a96d398,0x000000064e580000)
 Metaspace       used 13161K, capacity 13306K, committed 13568K, reserved 1060864K
  class space    used 1720K, capacity 1776K, committed 1792K, reserved 1048576K
Event: 10998.235 GC heap after
Heap after GC invocations=164080 (full 0):
 PSYoungGen      total 111104K, used 96K [0x0000000743000000, 0x0000000795100000, 0x00000007c0000000)
  eden space 110592K, 0% used [0x0000000743000000,0x0000000743000000,0x0000000749c00000)
  from space 512K, 18% used [0x0000000795080000,0x0000000795098000,0x0000000795100000)
  to   space 512K, 0% used [0x0000000795000000,0x0000000795000000,0x0000000795080000)
 ParOldGen       total 87552K, used 26036K [0x0000000649000000, 0x000000064e580000, 0x0000000743000000)
  object space 87552K, 29% used [0x0000000649000000,0x000000064a96d398,0x000000064e580000)
 Metaspace       used 13161K, capacity 13306K, committed 13568K, reserved 1060864K
  class space    used 1720K, capacity 1776K, committed 1792K, reserved 1048576K
}

