# JRE version: Java(TM) SE Runtime Environment (8.0_20-b26) (build 1.8.0_20-b26)
# Java VM: Java HotSpot(TM) 64-Bit Server VM (25.20-b23 mixed mode windows-amd64 compressed oops)
Heap:
 PSYoungGen      total 137216K, used 125803K [0x0000000743000000, 0x00000007bee00000, 0x00000007c0000000)
  eden space 136704K, 92% used [0x0000000743000000,0x000000074aad2d20,0x000000074b580000)
  from space 512K, 6% used [0x00000007bed80000,0x00000007bed88000,0x00000007bee00000)
  to   space 512K, 0% used [0x00000007bed00000,0x00000007bed00000,0x00000007bed80000)
 ParOldGen       total 87552K, used 5208K [0x0000000649000000, 0x000000064e580000, 0x0000000743000000)
  object space 87552K, 5% used [0x0000000649000000,0x0000000649516388,0x000000064e580000)
 Metaspace       used 13144K, capacity 13306K, committed 13568K, reserved 1060864K
  class space    used 1720K, capacity 1776K, committed 1792K, reserved 1048576K
GC Heap History (10 events):
Event: 65.561 GC heap before
{Heap before GC invocations=458 (full 0):
 PSYoungGen      total 167424K, used 166976K [0x0000000743000000, 0x00000007bee00000, 0x00000007c0000000)
  eden space 166912K, 100% used [0x0000000743000000,0x000000074d300000,0x000000074d300000)
  from space 512K, 12% used [0x00000007bed00000,0x00000007bed10000,0x00000007bed80000)
  to   space 512K, 0% used [0x00000007bed80000,0x00000007bed80000,0x00000007bee00000)
 ParOldGen       total 87552K, used 5208K [0x0000000649000000, 0x000000064e580000, 0x0000000743000000)
  object space 87552K, 5% used [0x0000000649000000,0x0000000649516388,0x000000064e580000)
 Metaspace       used 13144K, capacity 13306K, committed 13568K, reserved 1060864K
  class space    used 1720K, capacity 1776K, committed 1792K, reserved 1048576K
Event: 65.562 GC heap after
Heap after GC invocations=458 (full 0):
 PSYoungGen      total 160768K, used 64K [0x0000000743000000, 0x00000007bee00000, 0x00000007c0000000)
  eden space 160256K, 0% used [0x0000000743000000,0x0000000743000000,0x000000074cc80000)
  from space 512K, 12% used [0x00000007bed80000,0x00000007bed90000,0x00000007bee00000)
  to   space 512K, 0% used [0x00000007bed00000,0x00000007bed00000,0x00000007bed80000)
 ParOldGen       total 87552K, used 5208K [0x0000000649000000, 0x000000064e580000, 0x0000000743000000)
  object space 87552K, 5% used [0x0000000649000000,0x0000000649516388,0x000000064e580000)
 Metaspace       used 13144K, capacity 13306K, committed 13568K, reserved 1060864K
  class space    used 1720K, capacity 1776K, committed 1792K, reserved 1048576K
}
Event: 65.647 GC heap before
{Heap before GC invocations=459 (full 0):
 PSYoungGen      total 160768K, used 160320K [0x0000000743000000, 0x00000007bee00000, 0x00000007c0000000)
  eden space 160256K, 100% used [0x0000000743000000,0x000000074cc80000,0x000000074cc80000)
  from space 512K, 12% used [0x00000007bed80000,0x00000007bed90000,0x00000007bee00000)
  to   space 512K, 0% used [0x00000007bed00000,0x00000007bed00000,0x00000007bed80000)
 ParOldGen       total 87552K, used 5208K [0x0000000649000000, 0x000000064e580000, 0x0000000743000000)
  object space 87552K, 5% used [0x0000000649000000,0x0000000649516388,0x000000064e580000)
 Metaspace       used 13144K, capacity 13306K, committed 13568K, reserved 1060864K
  class space    used 1720K, capacity 1776K, committed 1792K, reserved 1048576K
Event: 65.648 GC heap after
Heap after GC invocations=459 (full 0):
 PSYoungGen      total 154624K, used 64K [0x0000000743000000, 0x00000007bee00000, 0x00000007c0000000)
  eden space 154112K, 0% used [0x0000000743000000,0x0000000743000000,0x000000074c680000)
  from space 512K, 12% used [0x00000007bed00000,0x00000007bed10000,0x00000007bed80000)
  to   space 512K, 0% used [0x00000007bed80000,0x00000007bed80000,0x00000007bee00000)
 ParOldGen       total 87552K, used 5208K [0x0000000649000000, 0x000000064e580000, 0x0000000743000000)
  object space 87552K, 5% used [0x0000000649000000,0x0000000649516388,0x000000064e580000)
 Metaspace       used 13144K, capacity 13306K, committed 13568K, reserved 1060864K
  class space    used 1720K, capacity 1776K, committed 1792K, reserved 1048576K
}
Event: 65.728 GC heap before
{Heap before GC invocations=460 (full 0):
 PSYoungGen      total 154624K, used 154176K [0x0000000743000000, 0x00000007bee00000, 0x00000007c0000000)
  eden space 154112K, 100% used [0x0000000743000000,0x000000074c680000,0x000000074c680000)
  from space 512K, 12% used [0x00000007bed00000,0x00000007bed10000,0x00000007bed80000)
  to   space 512K, 0% used [0x00000007bed80000,0x00000007bed80000,0x00000007bee00000)
 ParOldGen       total 87552K, used 5208K [0x0000000649000000, 0x000000064e580000, 0x0000000743000000)
  object space 87552K, 5% used [0x0000000649000000,0x0000000649516388,0x000000064e580000)
 Metaspace       used 13144K, capacity 13306K, committed 13568K, reserved 1060864K
  class space    used 1720K, capacity 1776K, committed 1792K, reserved 1048576K
Event: 65.729 GC heap after
Heap after GC invocations=460 (full 0):
 PSYoungGen      total 148480K, used 64K [0x0000000743000000, 0x00000007bee00000, 0x00000007c0000000)
  eden space 147968K, 0% used [0x0000000743000000,0x0000000743000000,0x000000074c080000)
  from space 512K, 12% used [0x00000007bed80000,0x00000007bed90000,0x00000007bee00000)
  to   space 512K, 0% used [0x00000007bed00000,0x00000007bed00000,0x00000007bed80000)
 ParOldGen       total 87552K, used 5208K [0x0000000649000000, 0x000000064e580000, 0x0000000743000000)
  object space 87552K, 5% used [0x0000000649000000,0x0000000649516388,0x000000064e580000)
 Metaspace       used 13144K, capacity 13306K, committed 13568K, reserved 1060864K
  class space    used 1720K, capacity 1776K, committed 1792K, reserved 1048576K
}
Event: 65.806 GC heap before
{Heap before GC invocations=461 (full 0):
 PSYoungGen      total 148480K, used 148032K [0x0000000743000000, 0x00000007bee00000, 0x00000007c0000000)
  eden space 147968K, 100% used [0x0000000743000000,0x000000074c080000,0x000000074c080000)
  from space 512K, 12% used [0x00000007bed80000,0x00000007bed90000,0x00000007bee00000)
  to   space 512K, 0% used [0x00000007bed00000,0x00000007bed00000,0x00000007bed80000)
 ParOldGen       total 87552K, used 5208K [0x0000000649000000, 0x000000064e580000, 0x0000000743000000)
  object space 87552K, 5% used [0x0000000649000000,0x0000000649516388,0x000000064e580000)
 Metaspace       used 13144K, capacity 13306K, committed 13568K, reserved 1060864K
  class space    used 1720K, capacity 1776K, committed 1792K, reserved 1048576K
Event: 65.807 GC heap after
Heap after GC invocations=461 (full 0):
 PSYoungGen      total 142848K, used 32K [0x0000000743000000, 0x00000007bee00000, 0x00000007c0000000)
  eden space 142336K, 0% used [0x0000000743000000,0x0000000743000000,0x000000074bb00000)
  from space 512K, 6% used [0x00000007bed00000,0x00000007bed08000,0x00000007bed80000)
  to   space 512K, 0% used [0x00000007bed80000,0x00000007bed80000,0x00000007bee00000)
 ParOldGen       total 87552K, used 5208K [0x0000000649000000, 0x000000064e580000, 0x0000000743000000)
  object space 87552K, 5% used [0x0000000649000000,0x0000000649516388,0x000000064e580000)
 Metaspace       used 13144K, capacity 13306K, committed 13568K, reserved 1060864K
  class space    used 1720K, capacity 1776K, committed 1792K, reserved 1048576K
}
Event: 65.882 GC heap before
{Heap before GC invocations=462 (full 0):
 PSYoungGen      total 142848K, used 142368K [0x0000000743000000, 0x00000007bee00000, 0x00000007c0000000)
  eden space 142336K, 100% used [0x0000000743000000,0x000000074bb00000,0x000000074bb00000)
  from space 512K, 6% used [0x00000007bed00000,0x00000007bed08000,0x00000007bed80000)
  to   space 512K, 0% used [0x00000007bed80000,0x00000007bed80000,0x00000007bee00000)
 ParOldGen       total 87552K, used 5208K [0x0000000649000000, 0x000000064e580000, 0x0000000743000000)
  object space 87552K, 5% used [0x0000000649000000,0x0000000649516388,0x000000064e580000)
 Metaspace       used 13144K, capacity 13306K, committed 13568K, reserved 1060864K
  class space    used 1720K, capacity 1776K, committed 1792K, reserved 1048576K
Event: 65.883 GC heap after
Heap after GC invocations=462 (full 0):
 PSYoungGen      total 137216K, used 32K [0x0000000743000000, 0x00000007bee00000, 0x00000007c0000000)
  eden space 136704K, 0% used [0x0000000743000000,0x0000000743000000,0x000000074b580000)
  from space 512K, 6% used [0x00000007bed80000,0x00000007bed88000,0x00000007bee00000)
  to   space 512K, 0% used [0x00000007bed00000,0x00000007bed00000,0x00000007bed80000)
 ParOldGen       total 87552K, used 5208K [0x0000000649000000, 0x000000064e580000, 0x0000000743000000)
  object space 87552K, 5% used [0x0000000649000000,0x0000000649516388,0x000000064e580000)
 Metaspace       used 13144K, capacity 13306K, committed 13568K, reserved 1060864K
  class space    used 1720K, capacity 1776K, committed 1792K, reserved 1048576K
}

