# JRE version: Java(TM) SE Runtime Environment (8.0_20-b26) (build 1.8.0_20-b26)
# Java VM: Java HotSpot(TM) 64-Bit Server VM (25.20-b23 mixed mode windows-amd64 compressed oops)
Heap:
 PSYoungGen      total 552448K, used 242236K [0x0000000743000000, 0x00000007ad180000, 0x00000007c0000000)
  eden space 550400K, 43% used [0x0000000743000000,0x0000000751c7f308,0x0000000764980000)
  from space 2048K, 3% used [0x00000007acd80000,0x00000007acd90000,0x00000007acf80000)
  to   space 1536K, 0% used [0x00000007ad000000,0x00000007ad000000,0x00000007ad180000)
 ParOldGen       total 87552K, used 2956K [0x0000000649000000, 0x000000064e580000, 0x0000000743000000)
  object space 87552K, 3% used [0x0000000649000000,0x00000006492e3060,0x000000064e580000)
 Metaspace       used 13142K, capacity 13306K, committed 13568K, reserved 1060864K
  class space    used 1722K, capacity 1776K, committed 1792K, reserved 1048576K
GC Heap History (10 events):
Event: 10.015 GC heap before
{Heap before GC invocations=25 (full 0):
 PSYoungGen      total 701952K, used 701600K [0x0000000743000000, 0x00000007ad480000, 0x00000007c0000000)
  eden space 701440K, 100% used [0x0000000743000000,0x000000076dd00000,0x000000076dd00000)
  from space 512K, 31% used [0x00000007ad400000,0x00000007ad428000,0x00000007ad480000)
  to   space 2048K, 0% used [0x00000007ad080000,0x00000007ad080000,0x00000007ad280000)
 ParOldGen       total 87552K, used 2836K [0x0000000649000000, 0x000000064e580000, 0x0000000743000000)
  object space 87552K, 3% used [0x0000000649000000,0x00000006492c5060,0x000000064e580000)
 Metaspace       used 13142K, capacity 13306K, committed 13568K, reserved 1060864K
  class space    used 1722K, capacity 1776K, committed 1792K, reserved 1048576K
Event: 10.016 GC heap after
Heap after GC invocations=25 (full 0):
 PSYoungGen      total 670208K, used 64K [0x0000000743000000, 0x00000007ad480000, 0x00000007c0000000)
  eden space 668160K, 0% used [0x0000000743000000,0x0000000743000000,0x000000076bc80000)
  from space 2048K, 3% used [0x00000007ad080000,0x00000007ad090000,0x00000007ad280000)
  to   space 2048K, 0% used [0x00000007ad280000,0x00000007ad280000,0x00000007ad480000)
 ParOldGen       total 87552K, used 2940K [0x0000000649000000, 0x000000064e580000, 0x0000000743000000)
  object space 87552K, 3% used [0x0000000649000000,0x00000006492df060,0x000000064e580000)
 Metaspace       used 13142K, capacity 13306K, committed 13568K, reserved 1060864K
  class space    used 1722K, capacity 1776K, committed 1792K, reserved 1048576K
}
Event: 10.368 GC heap before
{Heap before GC invocations=26 (full 0):
 PSYoungGen      total 670208K, used 668224K [0x0000000743000000, 0x00000007ad480000, 0x00000007c0000000)
  eden space 668160K, 100% used [0x0000000743000000,0x000000076bc80000,0x000000076bc80000)
  from space 2048K, 3% used [0x00000007ad080000,0x00000007ad090000,0x00000007ad280000)
  to   space 2048K, 0% used [0x00000007ad280000,0x00000007ad280000,0x00000007ad480000)
 ParOldGen       total 87552K, used 2940K [0x0000000649000000, 0x000000064e580000, 0x0000000743000000)
  object space 87552K, 3% used [0x0000000649000000,0x00000006492df060,0x000000064e580000)
 Metaspace       used 13142K, capacity 13306K, committed 13568K, reserved 1060864K
  class space    used 1722K, capacity 1776K, committed 1792K, reserved 1048576K
Event: 10.368 GC heap after
Heap after GC invocations=26 (full 0):
 PSYoungGen      total 636928K, used 64K [0x0000000743000000, 0x00000007ad300000, 0x00000007c0000000)
  eden space 636416K, 0% used [0x0000000743000000,0x0000000743000000,0x0000000769d80000)
  from space 512K, 12% used [0x00000007ad280000,0x00000007ad290000,0x00000007ad300000)
  to   space 2048K, 0% used [0x00000007acf00000,0x00000007acf00000,0x00000007ad100000)
 ParOldGen       total 87552K, used 2940K [0x0000000649000000, 0x000000064e580000, 0x0000000743000000)
  object space 87552K, 3% used [0x0000000649000000,0x00000006492df060,0x000000064e580000)
 Metaspace       used 13142K, capacity 13306K, committed 13568K, reserved 1060864K
  class space    used 1722K, capacity 1776K, committed 1792K, reserved 1048576K
}
Event: 10.704 GC heap before
{Heap before GC invocations=27 (full 0):
 PSYoungGen      total 636928K, used 636480K [0x0000000743000000, 0x00000007ad300000, 0x00000007c0000000)
  eden space 636416K, 100% used [0x0000000743000000,0x0000000769d80000,0x0000000769d80000)
  from space 512K, 12% used [0x00000007ad280000,0x00000007ad290000,0x00000007ad300000)
  to   space 2048K, 0% used [0x00000007acf00000,0x00000007acf00000,0x00000007ad100000)
 ParOldGen       total 87552K, used 2940K [0x0000000649000000, 0x000000064e580000, 0x0000000743000000)
  object space 87552K, 3% used [0x0000000649000000,0x00000006492df060,0x000000064e580000)
 Metaspace       used 13142K, capacity 13306K, committed 13568K, reserved 1060864K
  class space    used 1722K, capacity 1776K, committed 1792K, reserved 1048576K
Event: 10.705 GC heap after
Heap after GC invocations=27 (full 0):
 PSYoungGen      total 608256K, used 64K [0x0000000743000000, 0x00000007ad300000, 0x00000007c0000000)
  eden space 606208K, 0% used [0x0000000743000000,0x0000000743000000,0x0000000768000000)
  from space 2048K, 3% used [0x00000007acf00000,0x00000007acf10000,0x00000007ad100000)
  to   space 2048K, 0% used [0x00000007ad100000,0x00000007ad100000,0x00000007ad300000)
 ParOldGen       total 87552K, used 2948K [0x0000000649000000, 0x000000064e580000, 0x0000000743000000)
  object space 87552K, 3% used [0x0000000649000000,0x00000006492e1060,0x000000064e580000)
 Metaspace       used 13142K, capacity 13306K, committed 13568K, reserved 1060864K
  class space    used 1722K, capacity 1776K, committed 1792K, reserved 1048576K
}
Event: 11.026 GC heap before
{Heap before GC invocations=28 (full 0):
 PSYoungGen      total 608256K, used 606272K [0x0000000743000000, 0x00000007ad300000, 0x00000007c0000000)
  eden space 606208K, 100% used [0x0000000743000000,0x0000000768000000,0x0000000768000000)
  from space 2048K, 3% used [0x00000007acf00000,0x00000007acf10000,0x00000007ad100000)
  to   space 2048K, 0% used [0x00000007ad100000,0x00000007ad100000,0x00000007ad300000)
 ParOldGen       total 87552K, used 2948K [0x0000000649000000, 0x000000064e580000, 0x0000000743000000)
  object space 87552K, 3% used [0x0000000649000000,0x00000006492e1060,0x000000064e580000)
 Metaspace       used 13142K, capacity 13306K, committed 13568K, reserved 1060864K
  class space    used 1722K, capacity 1776K, committed 1792K, reserved 1048576K
Event: 11.026 GC heap after
Heap after GC invocations=28 (full 0):
 PSYoungGen      total 578048K, used 64K [0x0000000743000000, 0x00000007ad180000, 0x00000007c0000000)
  eden space 577536K, 0% used [0x0000000743000000,0x0000000743000000,0x0000000766400000)
  from space 512K, 12% used [0x00000007ad100000,0x00000007ad110000,0x00000007ad180000)
  to   space 2048K, 0% used [0x00000007acd80000,0x00000007acd80000,0x00000007acf80000)
 ParOldGen       total 87552K, used 2948K [0x0000000649000000, 0x000000064e580000, 0x0000000743000000)
  object space 87552K, 3% used [0x0000000649000000,0x00000006492e1060,0x000000064e580000)
 Metaspace       used 13142K, capacity 13306K, committed 13568K, reserved 1060864K
  class space    used 1722K, capacity 1776K, committed 1792K, reserved 1048576K
}
Event: 11.333 GC heap before
{Heap before GC invocations=29 (full 0):
 PSYoungGen      total 578048K, used 577600K [0x0000000743000000, 0x00000007ad180000, 0x00000007c0000000)
  eden space 577536K, 100% used [0x0000000743000000,0x0000000766400000,0x0000000766400000)
  from space 512K, 12% used [0x00000007ad100000,0x00000007ad110000,0x00000007ad180000)
  to   space 2048K, 0% used [0x00000007acd80000,0x00000007acd80000,0x00000007acf80000)
 ParOldGen       total 87552K, used 2948K [0x0000000649000000, 0x000000064e580000, 0x0000000743000000)
  object space 87552K, 3% used [0x0000000649000000,0x00000006492e1060,0x000000064e580000)
 Metaspace       used 13142K, capacity 13306K, committed 13568K, reserved 1060864K
  class space    used 1722K, capacity 1776K, committed 1792K, reserved 1048576K
Event: 11.334 GC heap after
Heap after GC invocations=29 (full 0):
 PSYoungGen      total 552448K, used 64K [0x0000000743000000, 0x00000007ad180000, 0x00000007c0000000)
  eden space 550400K, 0% used [0x0000000743000000,0x0000000743000000,0x0000000764980000)
  from space 2048K, 3% used [0x00000007acd80000,0x00000007acd90000,0x00000007acf80000)
  to   space 1536K, 0% used [0x00000007ad000000,0x00000007ad000000,0x00000007ad180000)
 ParOldGen       total 87552K, used 2956K [0x0000000649000000, 0x000000064e580000, 0x0000000743000000)
  object space 87552K, 3% used [0x0000000649000000,0x00000006492e3060,0x000000064e580000)
 Metaspace       used 13142K, capacity 13306K, committed 13568K, reserved 1060864K
  class space    used 1722K, capacity 1776K, committed 1792K, reserved 1048576K
}

