# JRE version: Java(TM) SE Runtime Environment (8.0_20-b26) (build 1.8.0_20-b26)
# Java VM: Java HotSpot(TM) 64-Bit Server VM (25.20-b23 mixed mode windows-amd64 compressed oops)
Heap:
 PSYoungGen      total 121856K, used 4949K [0x000000076cb00000, 0x00000007bde80000, 0x00000007c0000000)
  eden space 121344K, 3% used [0x000000076cb00000,0x000000076cfbd550,0x0000000774180000)
  from space 512K, 18% used [0x00000007bde00000,0x00000007bde18000,0x00000007bde80000)
  to   space 512K, 0% used [0x00000007bdd80000,0x00000007bdd80000,0x00000007bde00000)
 ParOldGen       total 87552K, used 2941K [0x00000006c6000000, 0x00000006cb580000, 0x000000076cb00000)
  object space 87552K, 3% used [0x00000006c6000000,0x00000006c62df438,0x00000006cb580000)
 Metaspace       used 13318K, capacity 13542K, committed 13696K, reserved 1060864K
  class space    used 1761K, capacity 1812K, committed 1920K, reserved 1048576K
GC Heap History (10 events):
Event: 29.251 GC heap before
{Heap before GC invocations=168 (full 0):
 PSYoungGen      total 147968K, used 147520K [0x000000076cb00000, 0x00000007bde80000, 0x00000007c0000000)
  eden space 147456K, 100% used [0x000000076cb00000,0x0000000775b00000,0x0000000775b00000)
  from space 512K, 12% used [0x00000007bdd80000,0x00000007bdd90000,0x00000007bde00000)
  to   space 512K, 0% used [0x00000007bde00000,0x00000007bde00000,0x00000007bde80000)
 ParOldGen       total 87552K, used 2941K [0x00000006c6000000, 0x00000006cb580000, 0x000000076cb00000)
  object space 87552K, 3% used [0x00000006c6000000,0x00000006c62df438,0x00000006cb580000)
 Metaspace       used 13318K, capacity 13542K, committed 13696K, reserved 1060864K
  class space    used 1761K, capacity 1812K, committed 1920K, reserved 1048576K
Event: 29.252 GC heap after
Heap after GC invocations=168 (full 0):
 PSYoungGen      total 142336K, used 64K [0x000000076cb00000, 0x00000007bde80000, 0x00000007c0000000)
  eden space 141824K, 0% used [0x000000076cb00000,0x000000076cb00000,0x0000000775580000)
  from space 512K, 12% used [0x00000007bde00000,0x00000007bde10000,0x00000007bde80000)
  to   space 512K, 0% used [0x00000007bdd80000,0x00000007bdd80000,0x00000007bde00000)
 ParOldGen       total 87552K, used 2941K [0x00000006c6000000, 0x00000006cb580000, 0x000000076cb00000)
  object space 87552K, 3% used [0x00000006c6000000,0x00000006c62df438,0x00000006cb580000)
 Metaspace       used 13318K, capacity 13542K, committed 13696K, reserved 1060864K
  class space    used 1761K, capacity 1812K, committed 1920K, reserved 1048576K
}
Event: 29.315 GC heap before
{Heap before GC invocations=169 (full 0):
 PSYoungGen      total 142336K, used 141888K [0x000000076cb00000, 0x00000007bde80000, 0x00000007c0000000)
  eden space 141824K, 100% used [0x000000076cb00000,0x0000000775580000,0x0000000775580000)
  from space 512K, 12% used [0x00000007bde00000,0x00000007bde10000,0x00000007bde80000)
  to   space 512K, 0% used [0x00000007bdd80000,0x00000007bdd80000,0x00000007bde00000)
 ParOldGen       total 87552K, used 2941K [0x00000006c6000000, 0x00000006cb580000, 0x000000076cb00000)
  object space 87552K, 3% used [0x00000006c6000000,0x00000006c62df438,0x00000006cb580000)
 Metaspace       used 13318K, capacity 13542K, committed 13696K, reserved 1060864K
  class space    used 1761K, capacity 1812K, committed 1920K, reserved 1048576K
Event: 29.315 GC heap after
Heap after GC invocations=169 (full 0):
 PSYoungGen      total 136704K, used 96K [0x000000076cb00000, 0x00000007bde80000, 0x00000007c0000000)
  eden space 136192K, 0% used [0x000000076cb00000,0x000000076cb00000,0x0000000775000000)
  from space 512K, 18% used [0x00000007bdd80000,0x00000007bdd98000,0x00000007bde00000)
  to   space 512K, 0% used [0x00000007bde00000,0x00000007bde00000,0x00000007bde80000)
 ParOldGen       total 87552K, used 2941K [0x00000006c6000000, 0x00000006cb580000, 0x000000076cb00000)
  object space 87552K, 3% used [0x00000006c6000000,0x00000006c62df438,0x00000006cb580000)
 Metaspace       used 13318K, capacity 13542K, committed 13696K, reserved 1060864K
  class space    used 1761K, capacity 1812K, committed 1920K, reserved 1048576K
}
Event: 29.376 GC heap before
{Heap before GC invocations=170 (full 0):
 PSYoungGen      total 136704K, used 136288K [0x000000076cb00000, 0x00000007bde80000, 0x00000007c0000000)
  eden space 136192K, 100% used [0x000000076cb00000,0x0000000775000000,0x0000000775000000)
  from space 512K, 18% used [0x00000007bdd80000,0x00000007bdd98000,0x00000007bde00000)
  to   space 512K, 0% used [0x00000007bde00000,0x00000007bde00000,0x00000007bde80000)
 ParOldGen       total 87552K, used 2941K [0x00000006c6000000, 0x00000006cb580000, 0x000000076cb00000)
  object space 87552K, 3% used [0x00000006c6000000,0x00000006c62df438,0x00000006cb580000)
 Metaspace       used 13318K, capacity 13542K, committed 13696K, reserved 1060864K
  class space    used 1761K, capacity 1812K, committed 1920K, reserved 1048576K
Event: 29.376 GC heap after
Heap after GC invocations=170 (full 0):
 PSYoungGen      total 131584K, used 96K [0x000000076cb00000, 0x00000007bde80000, 0x00000007c0000000)
  eden space 131072K, 0% used [0x000000076cb00000,0x000000076cb00000,0x0000000774b00000)
  from space 512K, 18% used [0x00000007bde00000,0x00000007bde18000,0x00000007bde80000)
  to   space 512K, 0% used [0x00000007bdd80000,0x00000007bdd80000,0x00000007bde00000)
 ParOldGen       total 87552K, used 2941K [0x00000006c6000000, 0x00000006cb580000, 0x000000076cb00000)
  object space 87552K, 3% used [0x00000006c6000000,0x00000006c62df438,0x00000006cb580000)
 Metaspace       used 13318K, capacity 13542K, committed 13696K, reserved 1060864K
  class space    used 1761K, capacity 1812K, committed 1920K, reserved 1048576K
}
Event: 29.434 GC heap before
{Heap before GC invocations=171 (full 0):
 PSYoungGen      total 131584K, used 131168K [0x000000076cb00000, 0x00000007bde80000, 0x00000007c0000000)
  eden space 131072K, 100% used [0x000000076cb00000,0x0000000774b00000,0x0000000774b00000)
  from space 512K, 18% used [0x00000007bde00000,0x00000007bde18000,0x00000007bde80000)
  to   space 512K, 0% used [0x00000007bdd80000,0x00000007bdd80000,0x00000007bde00000)
 ParOldGen       total 87552K, used 2941K [0x00000006c6000000, 0x00000006cb580000, 0x000000076cb00000)
  object space 87552K, 3% used [0x00000006c6000000,0x00000006c62df438,0x00000006cb580000)
 Metaspace       used 13318K, capacity 13542K, committed 13696K, reserved 1060864K
  class space    used 1761K, capacity 1812K, committed 1920K, reserved 1048576K
Event: 29.435 GC heap after
Heap after GC invocations=171 (full 0):
 PSYoungGen      total 126464K, used 64K [0x000000076cb00000, 0x00000007bde80000, 0x00000007c0000000)
  eden space 125952K, 0% used [0x000000076cb00000,0x000000076cb00000,0x0000000774600000)
  from space 512K, 12% used [0x00000007bdd80000,0x00000007bdd90000,0x00000007bde00000)
  to   space 512K, 0% used [0x00000007bde00000,0x00000007bde00000,0x00000007bde80000)
 ParOldGen       total 87552K, used 2941K [0x00000006c6000000, 0x00000006cb580000, 0x000000076cb00000)
  object space 87552K, 3% used [0x00000006c6000000,0x00000006c62df438,0x00000006cb580000)
 Metaspace       used 13318K, capacity 13542K, committed 13696K, reserved 1060864K
  class space    used 1761K, capacity 1812K, committed 1920K, reserved 1048576K
}
Event: 29.491 GC heap before
{Heap before GC invocations=172 (full 0):
 PSYoungGen      total 126464K, used 126016K [0x000000076cb00000, 0x00000007bde80000, 0x00000007c0000000)
  eden space 125952K, 100% used [0x000000076cb00000,0x0000000774600000,0x0000000774600000)
  from space 512K, 12% used [0x00000007bdd80000,0x00000007bdd90000,0x00000007bde00000)
  to   space 512K, 0% used [0x00000007bde00000,0x00000007bde00000,0x00000007bde80000)
 ParOldGen       total 87552K, used 2941K [0x00000006c6000000, 0x00000006cb580000, 0x000000076cb00000)
  object space 87552K, 3% used [0x00000006c6000000,0x00000006c62df438,0x00000006cb580000)
 Metaspace       used 13318K, capacity 13542K, committed 13696K, reserved 1060864K
  class space    used 1761K, capacity 1812K, committed 1920K, reserved 1048576K
Event: 29.491 GC heap after
Heap after GC invocations=172 (full 0):
 PSYoungGen      total 121856K, used 96K [0x000000076cb00000, 0x00000007bde80000, 0x00000007c0000000)
  eden space 121344K, 0% used [0x000000076cb00000,0x000000076cb00000,0x0000000774180000)
  from space 512K, 18% used [0x00000007bde00000,0x00000007bde18000,0x00000007bde80000)
  to   space 512K, 0% used [0x00000007bdd80000,0x00000007bdd80000,0x00000007bde00000)
 ParOldGen       total 87552K, used 2941K [0x00000006c6000000, 0x00000006cb580000, 0x000000076cb00000)
  object space 87552K, 3% used [0x00000006c6000000,0x00000006c62df438,0x00000006cb580000)
 Metaspace       used 13318K, capacity 13542K, committed 13696K, reserved 1060864K
  class space    used 1761K, capacity 1812K, committed 1920K, reserved 1048576K
}

