# JRE version: Java(TM) SE Runtime Environment (8.0_20-b26) (build 1.8.0_20-b26)
# Java VM: Java HotSpot(TM) 64-Bit Server VM (25.20-b23 mixed mode windows-amd64 compressed oops)
Heap:
 PSYoungGen      total 123904K, used 64262K [0x000000076cb00000, 0x00000007be500000, 0x00000007c0000000)
  eden space 123392K, 52% used [0x000000076cb00000,0x00000007709b1a00,0x0000000774380000)
  from space 512K, 12% used [0x00000007be480000,0x00000007be490000,0x00000007be500000)
  to   space 512K, 0% used [0x00000007be400000,0x00000007be400000,0x00000007be480000)
 ParOldGen       total 87552K, used 2996K [0x00000006c6000000, 0x00000006cb580000, 0x000000076cb00000)
  object space 87552K, 3% used [0x00000006c6000000,0x00000006c62ed180,0x00000006cb580000)
 Metaspace       used 13381K, capacity 13606K, committed 13952K, reserved 1060864K
  class space    used 1761K, capacity 1812K, committed 1920K, reserved 1048576K
GC Heap History (10 events):
Event: 20.274 GC heap before
{Heap before GC invocations=122 (full 0):
 PSYoungGen      total 119808K, used 119360K [0x000000076cb00000, 0x00000007be500000, 0x00000007c0000000)
  eden space 119296K, 100% used [0x000000076cb00000,0x0000000773f80000,0x0000000773f80000)
  from space 512K, 12% used [0x00000007be400000,0x00000007be410000,0x00000007be480000)
  to   space 512K, 0% used [0x00000007be480000,0x00000007be480000,0x00000007be500000)
 ParOldGen       total 87552K, used 2996K [0x00000006c6000000, 0x00000006cb580000, 0x000000076cb00000)
  object space 87552K, 3% used [0x00000006c6000000,0x00000006c62ed180,0x00000006cb580000)
 Metaspace       used 13381K, capacity 13606K, committed 13952K, reserved 1060864K
  class space    used 1761K, capacity 1812K, committed 1920K, reserved 1048576K
Event: 20.275 GC heap after
Heap after GC invocations=122 (full 0):
 PSYoungGen      total 115200K, used 64K [0x000000076cb00000, 0x00000007be500000, 0x00000007c0000000)
  eden space 114688K, 0% used [0x000000076cb00000,0x000000076cb00000,0x0000000773b00000)
  from space 512K, 12% used [0x00000007be480000,0x00000007be490000,0x00000007be500000)
  to   space 512K, 0% used [0x00000007be400000,0x00000007be400000,0x00000007be480000)
 ParOldGen       total 87552K, used 2996K [0x00000006c6000000, 0x00000006cb580000, 0x000000076cb00000)
  object space 87552K, 3% used [0x00000006c6000000,0x00000006c62ed180,0x00000006cb580000)
 Metaspace       used 13381K, capacity 13606K, committed 13952K, reserved 1060864K
  class space    used 1761K, capacity 1812K, committed 1920K, reserved 1048576K
}
Event: 20.330 GC heap before
{Heap before GC invocations=123 (full 0):
 PSYoungGen      total 115200K, used 114752K [0x000000076cb00000, 0x00000007be500000, 0x00000007c0000000)
  eden space 114688K, 100% used [0x000000076cb00000,0x0000000773b00000,0x0000000773b00000)
  from space 512K, 12% used [0x00000007be480000,0x00000007be490000,0x00000007be500000)
  to   space 512K, 0% used [0x00000007be400000,0x00000007be400000,0x00000007be480000)
 ParOldGen       total 87552K, used 2996K [0x00000006c6000000, 0x00000006cb580000, 0x000000076cb00000)
  object space 87552K, 3% used [0x00000006c6000000,0x00000006c62ed180,0x00000006cb580000)
 Metaspace       used 13381K, capacity 13606K, committed 13952K, reserved 1060864K
  class space    used 1761K, capacity 1812K, committed 1920K, reserved 1048576K
Event: 20.330 GC heap after
Heap after GC invocations=123 (full 0):
 PSYoungGen      total 111104K, used 64K [0x000000076cb00000, 0x00000007be500000, 0x00000007c0000000)
  eden space 110592K, 0% used [0x000000076cb00000,0x000000076cb00000,0x0000000773700000)
  from space 512K, 12% used [0x00000007be400000,0x00000007be410000,0x00000007be480000)
  to   space 512K, 0% used [0x00000007be480000,0x00000007be480000,0x00000007be500000)
 ParOldGen       total 87552K, used 2996K [0x00000006c6000000, 0x00000006cb580000, 0x000000076cb00000)
  object space 87552K, 3% used [0x00000006c6000000,0x00000006c62ed180,0x00000006cb580000)
 Metaspace       used 13381K, capacity 13606K, committed 13952K, reserved 1060864K
  class space    used 1761K, capacity 1812K, committed 1920K, reserved 1048576K
}
Event: 20.384 GC heap before
{Heap before GC invocations=124 (full 0):
 PSYoungGen      total 111104K, used 110656K [0x000000076cb00000, 0x00000007be500000, 0x00000007c0000000)
  eden space 110592K, 100% used [0x000000076cb00000,0x0000000773700000,0x0000000773700000)
  from space 512K, 12% used [0x00000007be400000,0x00000007be410000,0x00000007be480000)
  to   space 512K, 0% used [0x00000007be480000,0x00000007be480000,0x00000007be500000)
 ParOldGen       total 87552K, used 2996K [0x00000006c6000000, 0x00000006cb580000, 0x000000076cb00000)
  object space 87552K, 3% used [0x00000006c6000000,0x00000006c62ed180,0x00000006cb580000)
 Metaspace       used 13381K, capacity 13606K, committed 13952K, reserved 1060864K
  class space    used 1761K, capacity 1812K, committed 1920K, reserved 1048576K
Event: 20.384 GC heap after
Heap after GC invocations=124 (full 0):
 PSYoungGen      total 107008K, used 64K [0x000000076cb00000, 0x00000007be500000, 0x00000007c0000000)
  eden space 106496K, 0% used [0x000000076cb00000,0x000000076cb00000,0x0000000773300000)
  from space 512K, 12% used [0x00000007be480000,0x00000007be490000,0x00000007be500000)
  to   space 512K, 0% used [0x00000007be400000,0x00000007be400000,0x00000007be480000)
 ParOldGen       total 87552K, used 2996K [0x00000006c6000000, 0x00000006cb580000, 0x000000076cb00000)
  object space 87552K, 3% used [0x00000006c6000000,0x00000006c62ed180,0x00000006cb580000)
 Metaspace       used 13381K, capacity 13606K, committed 13952K, reserved 1060864K
  class space    used 1761K, capacity 1812K, committed 1920K, reserved 1048576K
}
Event: 20.436 GC heap before
{Heap before GC invocations=125 (full 0):
 PSYoungGen      total 107008K, used 106560K [0x000000076cb00000, 0x00000007be500000, 0x00000007c0000000)
  eden space 106496K, 100% used [0x000000076cb00000,0x0000000773300000,0x0000000773300000)
  from space 512K, 12% used [0x00000007be480000,0x00000007be490000,0x00000007be500000)
  to   space 512K, 0% used [0x00000007be400000,0x00000007be400000,0x00000007be480000)
 ParOldGen       total 87552K, used 2996K [0x00000006c6000000, 0x00000006cb580000, 0x000000076cb00000)
  object space 87552K, 3% used [0x00000006c6000000,0x00000006c62ed180,0x00000006cb580000)
 Metaspace       used 13381K, capacity 13606K, committed 13952K, reserved 1060864K
  class space    used 1761K, capacity 1812K, committed 1920K, reserved 1048576K
Event: 20.437 GC heap after
Heap after GC invocations=125 (full 0):
 PSYoungGen      total 128512K, used 128K [0x000000076cb00000, 0x00000007be500000, 0x00000007c0000000)
  eden space 128000K, 0% used [0x000000076cb00000,0x000000076cb00000,0x0000000774800000)
  from space 512K, 25% used [0x00000007be400000,0x00000007be420000,0x00000007be480000)
  to   space 512K, 0% used [0x00000007be480000,0x00000007be480000,0x00000007be500000)
 ParOldGen       total 87552K, used 2996K [0x00000006c6000000, 0x00000006cb580000, 0x000000076cb00000)
  object space 87552K, 3% used [0x00000006c6000000,0x00000006c62ed180,0x00000006cb580000)
 Metaspace       used 13381K, capacity 13606K, committed 13952K, reserved 1060864K
  class space    used 1761K, capacity 1812K, committed 1920K, reserved 1048576K
}
Event: 20.499 GC heap before
{Heap before GC invocations=126 (full 0):
 PSYoungGen      total 128512K, used 128128K [0x000000076cb00000, 0x00000007be500000, 0x00000007c0000000)
  eden space 128000K, 100% used [0x000000076cb00000,0x0000000774800000,0x0000000774800000)
  from space 512K, 25% used [0x00000007be400000,0x00000007be420000,0x00000007be480000)
  to   space 512K, 0% used [0x00000007be480000,0x00000007be480000,0x00000007be500000)
 ParOldGen       total 87552K, used 2996K [0x00000006c6000000, 0x00000006cb580000, 0x000000076cb00000)
  object space 87552K, 3% used [0x00000006c6000000,0x00000006c62ed180,0x00000006cb580000)
 Metaspace       used 13381K, capacity 13606K, committed 13952K, reserved 1060864K
  class space    used 1761K, capacity 1812K, committed 1920K, reserved 1048576K
Event: 20.500 GC heap after
Heap after GC invocations=126 (full 0):
 PSYoungGen      total 123904K, used 64K [0x000000076cb00000, 0x00000007be500000, 0x00000007c0000000)
  eden space 123392K, 0% used [0x000000076cb00000,0x000000076cb00000,0x0000000774380000)
  from space 512K, 12% used [0x00000007be480000,0x00000007be490000,0x00000007be500000)
  to   space 512K, 0% used [0x00000007be400000,0x00000007be400000,0x00000007be480000)
 ParOldGen       total 87552K, used 2996K [0x00000006c6000000, 0x00000006cb580000, 0x000000076cb00000)
  object space 87552K, 3% used [0x00000006c6000000,0x00000006c62ed180,0x00000006cb580000)
 Metaspace       used 13381K, capacity 13606K, committed 13952K, reserved 1060864K
  class space    used 1761K, capacity 1812K, committed 1920K, reserved 1048576K
}

