# JRE version: Java(TM) SE Runtime Environment (8.0_20-b26) (build 1.8.0_20-b26)
# Java VM: Java HotSpot(TM) 64-Bit Server VM (25.20-b23 mixed mode windows-amd64 compressed oops)
Heap:
 PSYoungGen      total 173056K, used 75984K [0x0000000743000000, 0x00000007aca80000, 0x00000007c0000000)
  eden space 172544K, 44% used [0x0000000743000000,0x0000000747a24070,0x000000074d880000)
  from space 512K, 12% used [0x00000007aca00000,0x00000007aca10000,0x00000007aca80000)
  to   space 512K, 0% used [0x00000007ac980000,0x00000007ac980000,0x00000007aca00000)
 ParOldGen       total 87552K, used 5708K [0x0000000649000000, 0x000000064e580000, 0x0000000743000000)
  object space 87552K, 6% used [0x0000000649000000,0x0000000649593398,0x000000064e580000)
 Metaspace       used 13145K, capacity 13306K, committed 13568K, reserved 1060864K
  class space    used 1720K, capacity 1776K, committed 1792K, reserved 1048576K
GC Heap History (10 events):
Event: 130.420 GC heap before
{Heap before GC invocations=1004 (full 0):
 PSYoungGen      total 214016K, used 213600K [0x0000000743000000, 0x00000007aca80000, 0x00000007c0000000)
  eden space 213504K, 100% used [0x0000000743000000,0x0000000750080000,0x0000000750080000)
  from space 512K, 18% used [0x00000007ac980000,0x00000007ac998000,0x00000007aca00000)
  to   space 512K, 0% used [0x00000007aca00000,0x00000007aca00000,0x00000007aca80000)
 ParOldGen       total 87552K, used 5708K [0x0000000649000000, 0x000000064e580000, 0x0000000743000000)
  object space 87552K, 6% used [0x0000000649000000,0x0000000649593398,0x000000064e580000)
 Metaspace       used 13145K, capacity 13306K, committed 13568K, reserved 1060864K
  class space    used 1720K, capacity 1776K, committed 1792K, reserved 1048576K
Event: 130.420 GC heap after
Heap after GC invocations=1004 (full 0):
 PSYoungGen      total 204800K, used 0K [0x0000000743000000, 0x00000007aca80000, 0x00000007c0000000)
  eden space 204288K, 0% used [0x0000000743000000,0x0000000743000000,0x000000074f780000)
  from space 512K, 0% used [0x00000007aca00000,0x00000007aca00000,0x00000007aca80000)
  to   space 512K, 0% used [0x00000007ac980000,0x00000007ac980000,0x00000007aca00000)
 ParOldGen       total 87552K, used 5708K [0x0000000649000000, 0x000000064e580000, 0x0000000743000000)
  object space 87552K, 6% used [0x0000000649000000,0x0000000649593398,0x000000064e580000)
 Metaspace       used 13145K, capacity 13306K, committed 13568K, reserved 1060864K
  class space    used 1720K, capacity 1776K, committed 1792K, reserved 1048576K
}
Event: 130.534 GC heap before
{Heap before GC invocations=1005 (full 0):
 PSYoungGen      total 204800K, used 204288K [0x0000000743000000, 0x00000007aca80000, 0x00000007c0000000)
  eden space 204288K, 100% used [0x0000000743000000,0x000000074f780000,0x000000074f780000)
  from space 512K, 0% used [0x00000007aca00000,0x00000007aca00000,0x00000007aca80000)
  to   space 512K, 0% used [0x00000007ac980000,0x00000007ac980000,0x00000007aca00000)
 ParOldGen       total 87552K, used 5708K [0x0000000649000000, 0x000000064e580000, 0x0000000743000000)
  object space 87552K, 6% used [0x0000000649000000,0x0000000649593398,0x000000064e580000)
 Metaspace       used 13145K, capacity 13306K, committed 13568K, reserved 1060864K
  class space    used 1720K, capacity 1776K, committed 1792K, reserved 1048576K
Event: 130.534 GC heap after
Heap after GC invocations=1005 (full 0):
 PSYoungGen      total 196096K, used 32K [0x0000000743000000, 0x00000007aca80000, 0x00000007c0000000)
  eden space 195584K, 0% used [0x0000000743000000,0x0000000743000000,0x000000074ef00000)
  from space 512K, 6% used [0x00000007ac980000,0x00000007ac988000,0x00000007aca00000)
  to   space 512K, 0% used [0x00000007aca00000,0x00000007aca00000,0x00000007aca80000)
 ParOldGen       total 87552K, used 5708K [0x0000000649000000, 0x000000064e580000, 0x0000000743000000)
  object space 87552K, 6% used [0x0000000649000000,0x0000000649593398,0x000000064e580000)
 Metaspace       used 13145K, capacity 13306K, committed 13568K, reserved 1060864K
  class space    used 1720K, capacity 1776K, committed 1792K, reserved 1048576K
}
Event: 130.642 GC heap before
{Heap before GC invocations=1006 (full 0):
 PSYoungGen      total 196096K, used 195616K [0x0000000743000000, 0x00000007aca80000, 0x00000007c0000000)
  eden space 195584K, 100% used [0x0000000743000000,0x000000074ef00000,0x000000074ef00000)
  from space 512K, 6% used [0x00000007ac980000,0x00000007ac988000,0x00000007aca00000)
  to   space 512K, 0% used [0x00000007aca00000,0x00000007aca00000,0x00000007aca80000)
 ParOldGen       total 87552K, used 5708K [0x0000000649000000, 0x000000064e580000, 0x0000000743000000)
  object space 87552K, 6% used [0x0000000649000000,0x0000000649593398,0x000000064e580000)
 Metaspace       used 13145K, capacity 13306K, committed 13568K, reserved 1060864K
  class space    used 1720K, capacity 1776K, committed 1792K, reserved 1048576K
Event: 130.642 GC heap after
Heap after GC invocations=1006 (full 0):
 PSYoungGen      total 187904K, used 64K [0x0000000743000000, 0x00000007aca80000, 0x00000007c0000000)
  eden space 187392K, 0% used [0x0000000743000000,0x0000000743000000,0x000000074e700000)
  from space 512K, 12% used [0x00000007aca00000,0x00000007aca10000,0x00000007aca80000)
  to   space 512K, 0% used [0x00000007ac980000,0x00000007ac980000,0x00000007aca00000)
 ParOldGen       total 87552K, used 5708K [0x0000000649000000, 0x000000064e580000, 0x0000000743000000)
  object space 87552K, 6% used [0x0000000649000000,0x0000000649593398,0x000000064e580000)
 Metaspace       used 13145K, capacity 13306K, committed 13568K, reserved 1060864K
  class space    used 1720K, capacity 1776K, committed 1792K, reserved 1048576K
}
Event: 130.746 GC heap before
{Heap before GC invocations=1007 (full 0):
 PSYoungGen      total 187904K, used 187456K [0x0000000743000000, 0x00000007aca80000, 0x00000007c0000000)
  eden space 187392K, 100% used [0x0000000743000000,0x000000074e700000,0x000000074e700000)
  from space 512K, 12% used [0x00000007aca00000,0x00000007aca10000,0x00000007aca80000)
  to   space 512K, 0% used [0x00000007ac980000,0x00000007ac980000,0x00000007aca00000)
 ParOldGen       total 87552K, used 5708K [0x0000000649000000, 0x000000064e580000, 0x0000000743000000)
  object space 87552K, 6% used [0x0000000649000000,0x0000000649593398,0x000000064e580000)
 Metaspace       used 13145K, capacity 13306K, committed 13568K, reserved 1060864K
  class space    used 1720K, capacity 1776K, committed 1792K, reserved 1048576K
Event: 130.747 GC heap after
Heap after GC invocations=1007 (full 0):
 PSYoungGen      total 180224K, used 32K [0x0000000743000000, 0x00000007aca80000, 0x00000007c0000000)
  eden space 179712K, 0% used [0x0000000743000000,0x0000000743000000,0x000000074df80000)
  from space 512K, 6% used [0x00000007ac980000,0x00000007ac988000,0x00000007aca00000)
  to   space 512K, 0% used [0x00000007aca00000,0x00000007aca00000,0x00000007aca80000)
 ParOldGen       total 87552K, used 5708K [0x0000000649000000, 0x000000064e580000, 0x0000000743000000)
  object space 87552K, 6% used [0x0000000649000000,0x0000000649593398,0x000000064e580000)
 Metaspace       used 13145K, capacity 13306K, committed 13568K, reserved 1060864K
  class space    used 1720K, capacity 1776K, committed 1792K, reserved 1048576K
}
Event: 130.846 GC heap before
{Heap before GC invocations=1008 (full 0):
 PSYoungGen      total 180224K, used 179744K [0x0000000743000000, 0x00000007aca80000, 0x00000007c0000000)
  eden space 179712K, 100% used [0x0000000743000000,0x000000074df80000,0x000000074df80000)
  from space 512K, 6% used [0x00000007ac980000,0x00000007ac988000,0x00000007aca00000)
  to   space 512K, 0% used [0x00000007aca00000,0x00000007aca00000,0x00000007aca80000)
 ParOldGen       total 87552K, used 5708K [0x0000000649000000, 0x000000064e580000, 0x0000000743000000)
  object space 87552K, 6% used [0x0000000649000000,0x0000000649593398,0x000000064e580000)
 Metaspace       used 13145K, capacity 13306K, committed 13568K, reserved 1060864K
  class space    used 1720K, capacity 1776K, committed 1792K, reserved 1048576K
Event: 130.847 GC heap after
Heap after GC invocations=1008 (full 0):
 PSYoungGen      total 173056K, used 64K [0x0000000743000000, 0x00000007aca80000, 0x00000007c0000000)
  eden space 172544K, 0% used [0x0000000743000000,0x0000000743000000,0x000000074d880000)
  from space 512K, 12% used [0x00000007aca00000,0x00000007aca10000,0x00000007aca80000)
  to   space 512K, 0% used [0x00000007ac980000,0x00000007ac980000,0x00000007aca00000)
 ParOldGen       total 87552K, used 5708K [0x0000000649000000, 0x000000064e580000, 0x0000000743000000)
  object space 87552K, 6% used [0x0000000649000000,0x0000000649593398,0x000000064e580000)
 Metaspace       used 13145K, capacity 13306K, committed 13568K, reserved 1060864K
  class space    used 1720K, capacity 1776K, committed 1792K, reserved 1048576K
}

